Time: 07-Apr-2021 (13:54:49.691870): Filed to load url: https://www.etoro.com/discover/markets/stocks/exchange/brussels
Time: 07-Apr-2021 (14:12:29.129802): Filed to load url: https://www.etoro.com/markets/BAS.DE/stats
Time: 07-Apr-2021 (14:12:44.743358): Filed to load url: https://www.etoro.com/markets/BAYN.DE/stats
Time: 07-Apr-2021 (14:13:00.359475): Filed to load url: https://www.etoro.com/markets/BC8.DE/stats
Time: 07-Apr-2021 (14:13:15.945675): Filed to load url: https://www.etoro.com/markets/BEI.DE/stats
Time: 07-Apr-2021 (14:13:31.655066): Filed to load url: https://www.etoro.com/markets/BMW.DE/stats
Time: 07-Apr-2021 (14:13:37.820087): Filed to load url: https://www.etoro.com/markets/BNR.DE/stats
Time: 07-Apr-2021 (14:13:37.824508): Filed to load url: https://www.etoro.com/markets/BOSS.DE/stats
Time: 07-Apr-2021 (14:13:37.828956): Filed to load url: https://www.etoro.com/markets/CBK.DE/stats
Time: 07-Apr-2021 (14:13:37.832824): Filed to load url: https://www.etoro.com/markets/CEC.DE/stats
Time: 07-Apr-2021 (14:13:37.836763): Filed to load url: https://www.etoro.com/markets/CON.DE/stats
Time: 07-Apr-2021 (14:13:37.842751): Filed to load url: https://www.etoro.com/markets/COP.DE/stats
Time: 07-Apr-2021 (14:13:37.849065): Filed to load url: https://www.etoro.com/markets/DAI.DE/stats
Time: 07-Apr-2021 (14:13:37.856115): Filed to load url: https://www.etoro.com/markets/DB1.DE/stats
Time: 07-Apr-2021 (14:13:37.873103): Filed to load url: https://www.etoro.com/markets/DEQ.DE/stats
Time: 07-Apr-2021 (14:13:37.882083): Filed to load url: https://www.etoro.com/markets/DHER.DE/stats
Time: 07-Apr-2021 (14:13:37.889652): Filed to load url: https://www.etoro.com/markets/DLG.DE/stats
Time: 07-Apr-2021 (14:13:37.897090): Filed to load url: https://www.etoro.com/markets/DPW.DE/stats
Time: 07-Apr-2021 (14:13:37.906215): Filed to load url: https://www.etoro.com/markets/DRI.DE/stats
Time: 07-Apr-2021 (14:13:37.913065): Filed to load url: https://www.etoro.com/markets/DTE.DE/stats
Time: 07-Apr-2021 (14:13:37.919459): Filed to load url: https://www.etoro.com/markets/DUE.DE/stats
Time: 07-Apr-2021 (14:13:37.926628): Filed to load url: https://www.etoro.com/markets/DWNI.DE/stats
Time: 07-Apr-2021 (14:13:37.932372): Filed to load url: https://www.etoro.com/markets/DWS.DE/stats
Time: 07-Apr-2021 (14:13:37.939510): Filed to load url: https://www.etoro.com/markets/EOAN.DE/stats
Time: 07-Apr-2021 (14:13:37.945007): Filed to load url: https://www.etoro.com/markets/EVD.DE/stats
Time: 07-Apr-2021 (14:13:37.950333): Filed to load url: https://www.etoro.com/markets/EVK.DE/stats
Time: 07-Apr-2021 (14:13:37.958057): Filed to load url: https://www.etoro.com/markets/EVT.DE/stats
Time: 07-Apr-2021 (14:13:37.964435): Filed to load url: https://www.etoro.com/markets/FIE.DE/stats
Time: 07-Apr-2021 (14:13:37.971189): Filed to load url: https://www.etoro.com/markets/FME.DE/stats
Time: 07-Apr-2021 (14:13:37.977298): Filed to load url: https://www.etoro.com/markets/FNTN.DE/stats
Time: 07-Apr-2021 (14:13:37.983009): Filed to load url: https://www.etoro.com/markets/FRA.DE/stats
Time: 07-Apr-2021 (14:13:37.989677): Filed to load url: https://www.etoro.com/markets/FRE.DE/stats
Time: 07-Apr-2021 (14:13:37.995289): Filed to load url: https://www.etoro.com/markets/G1A.DE/stats
Time: 07-Apr-2021 (14:13:38.003438): Filed to load url: https://www.etoro.com/markets/G24.DE/stats
Time: 07-Apr-2021 (14:13:38.009373): Filed to load url: https://www.etoro.com/markets/GBF.DE/stats
Time: 07-Apr-2021 (14:13:38.013138): Filed to load url: https://www.etoro.com/markets/GLJ.DE/stats
Time: 07-Apr-2021 (14:13:38.018336): Filed to load url: https://www.etoro.com/markets/GXI.DE/stats
Time: 07-Apr-2021 (14:13:38.022816): Filed to load url: https://www.etoro.com/markets/GYC.DE/stats
Time: 07-Apr-2021 (14:13:38.026982): Filed to load url: https://www.etoro.com/markets/HDD.DE/stats
Time: 07-Apr-2021 (14:13:38.031200): Filed to load url: https://www.etoro.com/markets/HEI.DE/stats
Time: 07-Apr-2021 (14:13:38.037224): Filed to load url: https://www.etoro.com/markets/HEN3.DE/stats
Time: 07-Apr-2021 (14:13:38.042093): Filed to load url: https://www.etoro.com/markets/HFG.DE/stats
Time: 07-Apr-2021 (14:13:38.045764): Filed to load url: https://www.etoro.com/markets/HLAG.DE/stats
Time: 07-Apr-2021 (14:13:38.049791): Filed to load url: https://www.etoro.com/markets/HLE.DE/stats
Time: 07-Apr-2021 (14:13:38.053112): Filed to load url: https://www.etoro.com/markets/HNR1.DE/stats
Time: 07-Apr-2021 (14:13:38.056421): Filed to load url: https://www.etoro.com/markets/HOT.DE/stats
Time: 07-Apr-2021 (14:13:38.060144): Filed to load url: https://www.etoro.com/markets/IFX.DE/stats
Time: 07-Apr-2021 (14:13:38.063998): Filed to load url: https://www.etoro.com/markets/JEN.DE/stats
Time: 07-Apr-2021 (14:13:38.071121): Filed to load url: https://www.etoro.com/markets/JUN3.DE/stats
Time: 07-Apr-2021 (14:13:38.076068): Filed to load url: https://www.etoro.com/markets/KBX.DE/stats
Time: 07-Apr-2021 (14:13:38.080205): Filed to load url: https://www.etoro.com/markets/KGX.DE/stats
Time: 07-Apr-2021 (14:13:38.084589): Filed to load url: https://www.etoro.com/markets/KRN.DE/stats
Time: 07-Apr-2021 (14:13:38.089270): Filed to load url: https://www.etoro.com/markets/LEG.DE/stats
Time: 07-Apr-2021 (14:13:38.092782): Filed to load url: https://www.etoro.com/markets/LEO.DE/stats
Time: 07-Apr-2021 (14:13:38.096734): Filed to load url: https://www.etoro.com/markets/LHA.DE/stats
Time: 07-Apr-2021 (14:13:38.100689): Filed to load url: https://www.etoro.com/markets/LXS.DE/stats
Time: 07-Apr-2021 (14:13:38.108105): Filed to load url: https://www.etoro.com/markets/MOR.DE/stats
Time: 07-Apr-2021 (14:13:38.114230): Filed to load url: https://www.etoro.com/markets/MTX.DE/stats
Time: 07-Apr-2021 (14:13:38.120296): Filed to load url: https://www.etoro.com/markets/MUV2.DE/stats
Time: 07-Apr-2021 (14:13:38.127722): Filed to load url: https://www.etoro.com/markets/NDA.DE/stats
Time: 07-Apr-2021 (14:13:38.133370): Filed to load url: https://www.etoro.com/markets/NDX1.DE/stats
Time: 07-Apr-2021 (14:13:38.140793): Filed to load url: https://www.etoro.com/markets/NEM.DE/stats
Time: 07-Apr-2021 (14:13:38.146819): Filed to load url: https://www.etoro.com/markets/O2D.DE/stats
Time: 07-Apr-2021 (14:13:38.155258): Filed to load url: https://www.etoro.com/markets/OSR.DE/stats
Time: 07-Apr-2021 (14:13:38.161894): Filed to load url: https://www.etoro.com/markets/PAH3.DE/stats
Time: 07-Apr-2021 (14:13:38.167273): Filed to load url: https://www.etoro.com/markets/PAT.DE/stats
Time: 07-Apr-2021 (14:13:38.174496): Filed to load url: https://www.etoro.com/markets/PSM.DE/stats
Time: 07-Apr-2021 (14:13:38.179824): Filed to load url: https://www.etoro.com/markets/PUM.DE/stats
Time: 07-Apr-2021 (14:13:38.186217): Filed to load url: https://www.etoro.com/markets/QGEN.DE/stats
Time: 07-Apr-2021 (14:13:38.191992): Filed to load url: https://www.etoro.com/markets/RAA.DE/stats
Time: 07-Apr-2021 (14:13:38.195812): Filed to load url: https://www.etoro.com/markets/RHM.DE/stats
Time: 07-Apr-2021 (14:13:38.200397): Filed to load url: https://www.etoro.com/markets/RRTL.DE/stats
Time: 07-Apr-2021 (14:13:38.209909): Filed to load url: https://www.etoro.com/markets/RWE.DE/stats
Time: 07-Apr-2021 (14:13:38.216618): Filed to load url: https://www.etoro.com/markets/S92.DE/stats
Time: 07-Apr-2021 (14:13:38.224820): Filed to load url: https://www.etoro.com/markets/SANT.DE/stats
Time: 07-Apr-2021 (14:13:38.228389): Filed to load url: https://www.etoro.com/markets/SAP.DE/stats
Time: 07-Apr-2021 (14:13:38.232233): Filed to load url: https://www.etoro.com/markets/SAX.DE/stats
Time: 07-Apr-2021 (14:13:38.238718): Filed to load url: https://www.etoro.com/markets/SDF.DE/stats
Time: 07-Apr-2021 (14:13:38.244743): Filed to load url: https://www.etoro.com/markets/SGL.DE/stats
Time: 07-Apr-2021 (14:13:38.252936): Filed to load url: https://www.etoro.com/markets/SHA.DE/stats
Time: 07-Apr-2021 (14:13:38.258884): Filed to load url: https://www.etoro.com/markets/SHL.DE/stats
Time: 07-Apr-2021 (14:13:38.263523): Filed to load url: https://www.etoro.com/markets/SIE.DE/stats
Time: 07-Apr-2021 (14:13:38.267913): Filed to load url: https://www.etoro.com/markets/SIX2.DE/stats
Time: 07-Apr-2021 (14:13:38.272273): Filed to load url: https://www.etoro.com/markets/SOW.DE/stats
Time: 07-Apr-2021 (14:13:38.276085): Filed to load url: https://www.etoro.com/markets/SRT.DE/stats
Time: 07-Apr-2021 (14:13:38.279593): Filed to load url: https://www.etoro.com/markets/SY1.DE/stats
Time: 07-Apr-2021 (14:13:38.283952): Filed to load url: https://www.etoro.com/markets/SZG.DE/stats
Time: 07-Apr-2021 (14:13:38.288445): Filed to load url: https://www.etoro.com/markets/SZU.DE/stats
Time: 07-Apr-2021 (14:13:38.291937): Filed to load url: https://www.etoro.com/markets/TEG.DE/stats
Time: 07-Apr-2021 (14:13:38.295712): Filed to load url: https://www.etoro.com/markets/TKA.DE/stats
Time: 07-Apr-2021 (14:13:38.299428): Filed to load url: https://www.etoro.com/markets/TLG.DE/stats
Time: 07-Apr-2021 (14:13:38.307433): Filed to load url: https://www.etoro.com/markets/TLX.DE/stats
Time: 07-Apr-2021 (14:13:38.312204): Filed to load url: https://www.etoro.com/markets/TMV.DE/stats
Time: 07-Apr-2021 (14:13:38.318796): Filed to load url: https://www.etoro.com/markets/UN01.DE/stats
Time: 07-Apr-2021 (14:13:38.324743): Filed to load url: https://www.etoro.com/markets/UTDI.DE/stats
Time: 07-Apr-2021 (14:13:38.328298): Filed to load url: https://www.etoro.com/markets/VAR1.DE/stats
Time: 07-Apr-2021 (14:13:38.332006): Filed to load url: https://www.etoro.com/markets/VNA.DE/stats
Time: 07-Apr-2021 (14:13:38.337368): Filed to load url: https://www.etoro.com/markets/VOE.DE/stats
Time: 07-Apr-2021 (14:13:38.341041): Filed to load url: https://www.etoro.com/markets/VOW3.DE/stats
Time: 07-Apr-2021 (14:13:38.344904): Filed to load url: https://www.etoro.com/markets/WAF.DE/stats
Time: 07-Apr-2021 (14:13:38.348452): Filed to load url: https://www.etoro.com/markets/WCH.DE/stats
Time: 07-Apr-2021 (14:13:38.354881): Filed to load url: https://www.etoro.com/markets/WDI.DE/stats
Time: 07-Apr-2021 (14:13:38.358919): Filed to load url: https://www.etoro.com/markets/ZAL.DE/stats
Time: 07-Apr-2021 (14:13:38.362468): Filed to load url: https://www.etoro.com/markets/ZIL2.DE/stats
Time: 24-Apr-2021 (16:35:14.101058): Filed to load url: https://finance.yahoo.com/quote/AALB.NV?p=AALB.NV
