Time: 25-Mar-2021 (12:35:57.245057): Can't create 'stock_description'. Table exist.
Time: 25-Mar-2021 (12:35:57.245210): Can't create 'stock_stats'. Table exist.
Time: 25-Mar-2021 (12:35:57.245303): Can't create 'stock_price_history'. Table exist.
Time: 25-Mar-2021 (12:35:57.245389): Can't create 'stock_research'. Table exist.
Time: 25-Mar-2021 (12:35:57.245470): Can't create 'all_stocks'. Table exist.
Time: 25-Mar-2021 (12:39:55.816172): Can't create 'stock_description'. Table exist.
Time: 25-Mar-2021 (12:39:55.816343): Can't create 'stock_stats'. Table exist.
Time: 25-Mar-2021 (12:39:55.816471): Can't create 'stock_price_history'. Table exist.
Time: 25-Mar-2021 (12:39:55.816601): Can't create 'stock_research'. Table exist.
Time: 25-Mar-2021 (12:39:55.816728): Can't create 'all_stocks'. Table exist.
Time: 25-Mar-2021 (12:42:10.132799): Can't create 'stock_description'. Table exist.
Time: 25-Mar-2021 (12:42:10.133322): Can't create 'stock_stats'. Table exist.
Time: 25-Mar-2021 (12:42:10.133432): Can't create 'stock_price_history'. Table exist.
Time: 25-Mar-2021 (12:42:10.133534): Can't create 'stock_research'. Table exist.
Time: 25-Mar-2021 (12:42:10.133636): Can't create 'all_stocks'. Table exist.
Time: 25-Mar-2021 (12:44:36.935319): Can't create 'stock_description'. Table exist.
Time: 25-Mar-2021 (12:44:36.935704): Can't create 'stock_stats'. Table exist.
Time: 25-Mar-2021 (12:44:36.935797): Can't create 'stock_price_history'. Table exist.
Time: 25-Mar-2021 (12:44:36.935891): Can't create 'stock_research'. Table exist.
Time: 25-Mar-2021 (12:44:36.935992): Can't create 'all_stocks'. Table exist.
Time: 25-Mar-2021 (12:48:48.259225): Can't create 'stock_description'. Table exist.
Time: 25-Mar-2021 (12:48:48.259394): Can't create 'stock_stats'. Table exist.
Time: 25-Mar-2021 (12:48:48.259495): Can't create 'stock_price_history'. Table exist.
Time: 25-Mar-2021 (12:48:48.259595): Can't create 'stock_research'. Table exist.
Time: 25-Mar-2021 (12:48:48.259698): Can't create 'all_stocks'. Table exist.
Time: 25-Mar-2021 (12:59:44.785544): Can't create 'stock_description'. Table exist.
Time: 25-Mar-2021 (12:59:44.785872): Can't create 'stock_stats'. Table exist.
Time: 25-Mar-2021 (12:59:44.785971): Can't create 'stock_price_history'. Table exist.
Time: 25-Mar-2021 (12:59:44.786062): Can't create 'stock_research'. Table exist.
Time: 25-Mar-2021 (12:59:44.786152): Can't create 'all_stocks'. Table exist.
Time: 31-Mar-2021 (15:15:01.183139): Can't create 'stock_description'. Table exist.
Time: 31-Mar-2021 (15:15:01.183434): Can't create 'stock_stats'. Table exist.
Time: 31-Mar-2021 (15:15:01.183517): Can't create 'stock_price_history'. Table exist.
Time: 31-Mar-2021 (15:15:01.183588): Can't create 'stock_research'. Table exist.
Time: 31-Mar-2021 (15:15:01.183658): Can't create 'all_stocks'. Table exist.
Time: 31-Mar-2021 (15:28:55.013742): Can't create 'stock_description'. Table exist.
Time: 31-Mar-2021 (15:28:55.013917): Can't create 'stock_stats'. Table exist.
Time: 31-Mar-2021 (15:28:55.014053): Can't create 'stock_price_history'. Table exist.
Time: 31-Mar-2021 (15:28:55.014186): Can't create 'stock_research'. Table exist.
Time: 31-Mar-2021 (15:28:55.014315): Can't create 'all_stocks'. Table exist.
Time: 01-Apr-2021 (10:49:08.991583): Can't create 'stock_description'. Table exist.
Time: 01-Apr-2021 (10:49:08.992095): Can't create 'stock_stats'. Table exist.
Time: 01-Apr-2021 (10:49:08.992219): Can't create 'stock_price_history'. Table exist.
Time: 01-Apr-2021 (10:49:08.992337): Can't create 'stock_research'. Table exist.
Time: 01-Apr-2021 (10:49:08.992456): Can't create 'all_stocks'. Table exist.
Time: 01-Apr-2021 (10:56:18.676603): Can't create 'stock_description'. Table exist.
Time: 01-Apr-2021 (10:56:18.676995): Can't create 'stock_stats'. Table exist.
Time: 01-Apr-2021 (10:56:18.677131): Can't create 'stock_price_history'. Table exist.
Time: 01-Apr-2021 (10:56:18.677261): Can't create 'stock_research'. Table exist.
Time: 01-Apr-2021 (10:56:18.677394): Can't create 'all_stocks'. Table exist.
Time: 01-Apr-2021 (10:59:52.538339): Can't create 'stock_description'. Table exist.
Time: 01-Apr-2021 (10:59:52.538837): Can't create 'stock_stats'. Table exist.
Time: 01-Apr-2021 (10:59:52.538944): Can't create 'stock_price_history'. Table exist.
Time: 01-Apr-2021 (10:59:52.539063): Can't create 'stock_research'. Table exist.
Time: 01-Apr-2021 (10:59:52.539165): Can't create 'all_stocks'. Table exist.
Time: 01-Apr-2021 (11:04:01.258854): Can't create 'stock_description'. Table exist.
Time: 01-Apr-2021 (11:04:01.259268): Can't create 'stock_stats'. Table exist.
Time: 01-Apr-2021 (11:04:01.259368): Can't create 'stock_price_history'. Table exist.
Time: 01-Apr-2021 (11:04:01.259469): Can't create 'stock_research'. Table exist.
Time: 01-Apr-2021 (11:04:01.259565): Can't create 'all_stocks'. Table exist.
Time: 01-Apr-2021 (11:06:58.367806): Can't create 'stock_description'. Table exist.
Time: 01-Apr-2021 (11:06:58.368225): Can't create 'stock_stats'. Table exist.
Time: 01-Apr-2021 (11:06:58.368301): Can't create 'stock_price_history'. Table exist.
Time: 01-Apr-2021 (11:06:58.368371): Can't create 'stock_research'. Table exist.
Time: 01-Apr-2021 (11:06:58.368440): Can't create 'all_stocks'. Table exist.
Time: 01-Apr-2021 (11:12:43.128271): Can't create 'stock_description'. Table exist.
Time: 01-Apr-2021 (11:12:43.128457): Can't create 'stock_stats'. Table exist.
Time: 01-Apr-2021 (11:12:43.128568): Can't create 'stock_price_history'. Table exist.
Time: 01-Apr-2021 (11:12:43.128668): Can't create 'stock_research'. Table exist.
Time: 01-Apr-2021 (11:12:43.128770): Can't create 'all_stocks'. Table exist.
Time: 01-Apr-2021 (11:28:56.011190): Can't create 'stock_description'. Table exist.
Time: 01-Apr-2021 (11:28:56.011501): Can't create 'stock_stats'. Table exist.
Time: 01-Apr-2021 (11:28:56.011608): Can't create 'stock_price_history'. Table exist.
Time: 01-Apr-2021 (11:28:56.011728): Can't create 'stock_research'. Table exist.
Time: 01-Apr-2021 (11:28:56.011827): Can't create 'all_stocks'. Table exist.
Time: 01-Apr-2021 (11:31:47.880140): Can't create 'stock_description'. Table exist.
Time: 01-Apr-2021 (11:31:47.880427): Can't create 'stock_stats'. Table exist.
Time: 01-Apr-2021 (11:31:47.880518): Can't create 'stock_price_history'. Table exist.
Time: 01-Apr-2021 (11:31:47.880610): Can't create 'stock_research'. Table exist.
Time: 01-Apr-2021 (11:31:47.880704): Can't create 'all_stocks'. Table exist.
Time: 01-Apr-2021 (11:39:02.780811): Can't create 'stock_description'. Table exist.
Time: 01-Apr-2021 (11:39:02.781004): Can't create 'stock_stats'. Table exist.
Time: 01-Apr-2021 (11:39:02.781127): Can't create 'stock_price_history'. Table exist.
Time: 01-Apr-2021 (11:39:02.781235): Can't create 'stock_research'. Table exist.
Time: 01-Apr-2021 (11:39:02.781343): Can't create 'all_stocks'. Table exist.
Time: 01-Apr-2021 (11:48:06.348800): Can't create 'stock_description'. Table exist.
Time: 01-Apr-2021 (11:48:06.349128): Can't create 'stock_stats'. Table exist.
Time: 01-Apr-2021 (11:48:06.349257): Can't create 'stock_price_history'. Table exist.
Time: 01-Apr-2021 (11:48:06.349387): Can't create 'stock_research'. Table exist.
Time: 01-Apr-2021 (11:48:06.349524): Can't create 'all_stocks'. Table exist.
Time: 01-Apr-2021 (11:51:26.180931): Can't create 'stock_description'. Table exist.
Time: 01-Apr-2021 (11:51:26.181214): Can't create 'stock_stats'. Table exist.
Time: 01-Apr-2021 (11:51:26.181306): Can't create 'stock_price_history'. Table exist.
Time: 01-Apr-2021 (11:51:26.181403): Can't create 'stock_research'. Table exist.
Time: 01-Apr-2021 (11:51:26.181483): Can't create 'all_stocks'. Table exist.
