Time: 07-Apr-2021 (00:41:18.258554): Can get stats of https://www.etoro.com/markets/NEM.DE/stats
Time: 07-Apr-2021 (02:19:45.537720): Can get stats of https://www.etoro.com/markets/3323.HK/stats
Time: 07-Apr-2021 (14:12:29.138789): Can get stats of https://www.etoro.com/markets/BAS.DE/stats
Time: 07-Apr-2021 (14:12:44.749930): Can get stats of https://www.etoro.com/markets/BAYN.DE/stats
Time: 07-Apr-2021 (14:13:00.369597): Can get stats of https://www.etoro.com/markets/BC8.DE/stats
Time: 07-Apr-2021 (14:13:15.952840): Can get stats of https://www.etoro.com/markets/BEI.DE/stats
Time: 07-Apr-2021 (14:13:31.666246): Can get stats of https://www.etoro.com/markets/BMW.DE/stats
Time: 07-Apr-2021 (14:13:37.822493): Can get stats of https://www.etoro.com/markets/BNR.DE/stats
Time: 07-Apr-2021 (14:13:37.826346): Can get stats of https://www.etoro.com/markets/BOSS.DE/stats
Time: 07-Apr-2021 (14:13:37.830806): Can get stats of https://www.etoro.com/markets/CBK.DE/stats
Time: 07-Apr-2021 (14:13:37.834745): Can get stats of https://www.etoro.com/markets/CEC.DE/stats
Time: 07-Apr-2021 (14:13:37.839608): Can get stats of https://www.etoro.com/markets/CON.DE/stats
Time: 07-Apr-2021 (14:13:37.845974): Can get stats of https://www.etoro.com/markets/COP.DE/stats
Time: 07-Apr-2021 (14:13:37.852491): Can get stats of https://www.etoro.com/markets/DAI.DE/stats
Time: 07-Apr-2021 (14:13:37.860264): Can get stats of https://www.etoro.com/markets/DB1.DE/stats
Time: 07-Apr-2021 (14:13:37.876841): Can get stats of https://www.etoro.com/markets/DEQ.DE/stats
Time: 07-Apr-2021 (14:13:37.885850): Can get stats of https://www.etoro.com/markets/DHER.DE/stats
Time: 07-Apr-2021 (14:13:37.893315): Can get stats of https://www.etoro.com/markets/DLG.DE/stats
Time: 07-Apr-2021 (14:13:37.900687): Can get stats of https://www.etoro.com/markets/DPW.DE/stats
Time: 07-Apr-2021 (14:13:37.909712): Can get stats of https://www.etoro.com/markets/DRI.DE/stats
Time: 07-Apr-2021 (14:13:37.916700): Can get stats of https://www.etoro.com/markets/DTE.DE/stats
Time: 07-Apr-2021 (14:13:37.923471): Can get stats of https://www.etoro.com/markets/DUE.DE/stats
Time: 07-Apr-2021 (14:13:37.929635): Can get stats of https://www.etoro.com/markets/DWNI.DE/stats
Time: 07-Apr-2021 (14:13:37.935927): Can get stats of https://www.etoro.com/markets/DWS.DE/stats
Time: 07-Apr-2021 (14:13:37.942160): Can get stats of https://www.etoro.com/markets/EOAN.DE/stats
Time: 07-Apr-2021 (14:13:37.947622): Can get stats of https://www.etoro.com/markets/EVD.DE/stats
Time: 07-Apr-2021 (14:13:37.954399): Can get stats of https://www.etoro.com/markets/EVK.DE/stats
Time: 07-Apr-2021 (14:13:37.961218): Can get stats of https://www.etoro.com/markets/EVT.DE/stats
Time: 07-Apr-2021 (14:13:37.967112): Can get stats of https://www.etoro.com/markets/FIE.DE/stats
Time: 07-Apr-2021 (14:13:37.974442): Can get stats of https://www.etoro.com/markets/FME.DE/stats
Time: 07-Apr-2021 (14:13:37.980010): Can get stats of https://www.etoro.com/markets/FNTN.DE/stats
Time: 07-Apr-2021 (14:13:37.986867): Can get stats of https://www.etoro.com/markets/FRA.DE/stats
Time: 07-Apr-2021 (14:13:37.992447): Can get stats of https://www.etoro.com/markets/FRE.DE/stats
Time: 07-Apr-2021 (14:13:37.998014): Can get stats of https://www.etoro.com/markets/G1A.DE/stats
Time: 07-Apr-2021 (14:13:38.007294): Can get stats of https://www.etoro.com/markets/G24.DE/stats
Time: 07-Apr-2021 (14:13:38.011378): Can get stats of https://www.etoro.com/markets/GBF.DE/stats
Time: 07-Apr-2021 (14:13:38.015743): Can get stats of https://www.etoro.com/markets/GLJ.DE/stats
Time: 07-Apr-2021 (14:13:38.020908): Can get stats of https://www.etoro.com/markets/GXI.DE/stats
Time: 07-Apr-2021 (14:13:38.024630): Can get stats of https://www.etoro.com/markets/GYC.DE/stats
Time: 07-Apr-2021 (14:13:38.028986): Can get stats of https://www.etoro.com/markets/HDD.DE/stats
Time: 07-Apr-2021 (14:13:38.034065): Can get stats of https://www.etoro.com/markets/HEI.DE/stats
Time: 07-Apr-2021 (14:13:38.039794): Can get stats of https://www.etoro.com/markets/HEN3.DE/stats
Time: 07-Apr-2021 (14:13:38.043861): Can get stats of https://www.etoro.com/markets/HFG.DE/stats
Time: 07-Apr-2021 (14:13:38.047737): Can get stats of https://www.etoro.com/markets/HLAG.DE/stats
Time: 07-Apr-2021 (14:13:38.051491): Can get stats of https://www.etoro.com/markets/HLE.DE/stats
Time: 07-Apr-2021 (14:13:38.054747): Can get stats of https://www.etoro.com/markets/HNR1.DE/stats
Time: 07-Apr-2021 (14:13:38.058364): Can get stats of https://www.etoro.com/markets/HOT.DE/stats
Time: 07-Apr-2021 (14:13:38.060724): Can get stats of https://www.etoro.com/markets/IFX.DE/stats
Time: 07-Apr-2021 (14:13:38.066777): Can get stats of https://www.etoro.com/markets/JEN.DE/stats
Time: 07-Apr-2021 (14:13:38.074242): Can get stats of https://www.etoro.com/markets/JUN3.DE/stats
Time: 07-Apr-2021 (14:13:38.078017): Can get stats of https://www.etoro.com/markets/KBX.DE/stats
Time: 07-Apr-2021 (14:13:38.082030): Can get stats of https://www.etoro.com/markets/KGX.DE/stats
Time: 07-Apr-2021 (14:13:38.087111): Can get stats of https://www.etoro.com/markets/KRN.DE/stats
Time: 07-Apr-2021 (14:13:38.091034): Can get stats of https://www.etoro.com/markets/LEG.DE/stats
Time: 07-Apr-2021 (14:13:38.094975): Can get stats of https://www.etoro.com/markets/LEO.DE/stats
Time: 07-Apr-2021 (14:13:38.098483): Can get stats of https://www.etoro.com/markets/LHA.DE/stats
Time: 07-Apr-2021 (14:13:38.104767): Can get stats of https://www.etoro.com/markets/LXS.DE/stats
Time: 07-Apr-2021 (14:13:38.111502): Can get stats of https://www.etoro.com/markets/MOR.DE/stats
Time: 07-Apr-2021 (14:13:38.117375): Can get stats of https://www.etoro.com/markets/MTX.DE/stats
Time: 07-Apr-2021 (14:13:38.124678): Can get stats of https://www.etoro.com/markets/MUV2.DE/stats
Time: 07-Apr-2021 (14:13:38.130473): Can get stats of https://www.etoro.com/markets/NDA.DE/stats
Time: 07-Apr-2021 (14:13:38.137371): Can get stats of https://www.etoro.com/markets/NDX1.DE/stats
Time: 07-Apr-2021 (14:13:38.143760): Can get stats of https://www.etoro.com/markets/NEM.DE/stats
Time: 07-Apr-2021 (14:13:38.149905): Can get stats of https://www.etoro.com/markets/O2D.DE/stats
Time: 07-Apr-2021 (14:13:38.158509): Can get stats of https://www.etoro.com/markets/OSR.DE/stats
Time: 07-Apr-2021 (14:13:38.164517): Can get stats of https://www.etoro.com/markets/PAH3.DE/stats
Time: 07-Apr-2021 (14:13:38.171292): Can get stats of https://www.etoro.com/markets/PAT.DE/stats
Time: 07-Apr-2021 (14:13:38.177262): Can get stats of https://www.etoro.com/markets/PSM.DE/stats
Time: 07-Apr-2021 (14:13:38.182398): Can get stats of https://www.etoro.com/markets/PUM.DE/stats
Time: 07-Apr-2021 (14:13:38.189614): Can get stats of https://www.etoro.com/markets/QGEN.DE/stats
Time: 07-Apr-2021 (14:13:38.193973): Can get stats of https://www.etoro.com/markets/RAA.DE/stats
Time: 07-Apr-2021 (14:13:38.197580): Can get stats of https://www.etoro.com/markets/RHM.DE/stats
Time: 07-Apr-2021 (14:13:38.206130): Can get stats of https://www.etoro.com/markets/RRTL.DE/stats
Time: 07-Apr-2021 (14:13:38.213168): Can get stats of https://www.etoro.com/markets/RWE.DE/stats
Time: 07-Apr-2021 (14:13:38.222800): Can get stats of https://www.etoro.com/markets/S92.DE/stats
Time: 07-Apr-2021 (14:13:38.226578): Can get stats of https://www.etoro.com/markets/SANT.DE/stats
Time: 07-Apr-2021 (14:13:38.230070): Can get stats of https://www.etoro.com/markets/SAP.DE/stats
Time: 07-Apr-2021 (14:13:38.235075): Can get stats of https://www.etoro.com/markets/SAX.DE/stats
Time: 07-Apr-2021 (14:13:38.241616): Can get stats of https://www.etoro.com/markets/SDF.DE/stats
Time: 07-Apr-2021 (14:13:38.249387): Can get stats of https://www.etoro.com/markets/SGL.DE/stats
Time: 07-Apr-2021 (14:13:38.256932): Can get stats of https://www.etoro.com/markets/SHA.DE/stats
Time: 07-Apr-2021 (14:13:38.260775): Can get stats of https://www.etoro.com/markets/SHL.DE/stats
Time: 07-Apr-2021 (14:13:38.265390): Can get stats of https://www.etoro.com/markets/SIE.DE/stats
Time: 07-Apr-2021 (14:13:38.270325): Can get stats of https://www.etoro.com/markets/SIX2.DE/stats
Time: 07-Apr-2021 (14:13:38.274323): Can get stats of https://www.etoro.com/markets/SOW.DE/stats
Time: 07-Apr-2021 (14:13:38.277861): Can get stats of https://www.etoro.com/markets/SRT.DE/stats
Time: 07-Apr-2021 (14:13:38.281355): Can get stats of https://www.etoro.com/markets/SY1.DE/stats
Time: 07-Apr-2021 (14:13:38.286440): Can get stats of https://www.etoro.com/markets/SZG.DE/stats
Time: 07-Apr-2021 (14:13:38.290202): Can get stats of https://www.etoro.com/markets/SZU.DE/stats
Time: 07-Apr-2021 (14:13:38.293983): Can get stats of https://www.etoro.com/markets/TEG.DE/stats
Time: 07-Apr-2021 (14:13:38.297390): Can get stats of https://www.etoro.com/markets/TKA.DE/stats
Time: 07-Apr-2021 (14:13:38.304082): Can get stats of https://www.etoro.com/markets/TLG.DE/stats
Time: 07-Apr-2021 (14:13:38.310398): Can get stats of https://www.etoro.com/markets/TLX.DE/stats
Time: 07-Apr-2021 (14:13:38.314532): Can get stats of https://www.etoro.com/markets/TMV.DE/stats
Time: 07-Apr-2021 (14:13:38.322856): Can get stats of https://www.etoro.com/markets/UN01.DE/stats
Time: 07-Apr-2021 (14:13:38.326441): Can get stats of https://www.etoro.com/markets/UTDI.DE/stats
Time: 07-Apr-2021 (14:13:38.329984): Can get stats of https://www.etoro.com/markets/VAR1.DE/stats
Time: 07-Apr-2021 (14:13:38.334466): Can get stats of https://www.etoro.com/markets/VNA.DE/stats
Time: 07-Apr-2021 (14:13:38.339305): Can get stats of https://www.etoro.com/markets/VOE.DE/stats
Time: 07-Apr-2021 (14:13:38.342993): Can get stats of https://www.etoro.com/markets/VOW3.DE/stats
Time: 07-Apr-2021 (14:13:38.346661): Can get stats of https://www.etoro.com/markets/WAF.DE/stats
Time: 07-Apr-2021 (14:13:38.351779): Can get stats of https://www.etoro.com/markets/WCH.DE/stats
Time: 07-Apr-2021 (14:13:38.357162): Can get stats of https://www.etoro.com/markets/WDI.DE/stats
Time: 07-Apr-2021 (14:13:38.360725): Can get stats of https://www.etoro.com/markets/ZAL.DE/stats
Time: 07-Apr-2021 (14:13:38.364379): Can get stats of https://www.etoro.com/markets/ZIL2.DE/stats
