1615645902301	geckodriver	INFO	Listening on 127.0.0.1:46653
1615645929741	mozrunner::runner	INFO	Running command: "/usr/bin/firefox" "--marionette" "-foreground" "-no-remote" "-profile" "/tmp/rust_mozprofileJeiS9g"
1615645934266	Marionette	INFO	Listening on port 36683
1615645934322	Marionette	WARN	TLS certificate errors will be ignored for this session
Extension error: Error: Type error for parameter tabId (Integer -1 is too small (must be at least 0)) for tabs.get. moz-extension://f22c9c5b-cd47-4a2c-8dfd-31a47bccccf7/ext/background.js 143
[[Exception stack
updatePageFrameStructure@moz-extension://f22c9c5b-cd47-4a2c-8dfd-31a47bccccf7/ext/background.js:143:20
@moz-extension://f22c9c5b-cd47-4a2c-8dfd-31a47bccccf7/ext/background.js:246:29
Current stack
applySafeWithoutClone@resource://gre/modules/ExtensionCommon.jsm:622:13
fire@resource://gre/modules/ExtensionChild.jsm:806:37
recvRunListener@resource://gre/modules/ExtensionChild.jsm:810:13
_recv@resource://gre/modules/ConduitsChild.jsm:78:20
receiveMessage@resource://gre/modules/ConduitsChild.jsm:184:20
run@resource://gre/modules/ConduitsChild.jsm:175:30
receiveMessage/<@resource://gre/modules/ConduitsChild.jsm:176:46
receiveMessage@resource://gre/modules/ConduitsChild.jsm:176:31
]]
JavaScript warning: moz-extension://f22c9c5b-cd47-4a2c-8dfd-31a47bccccf7/background.js, line 0: Successfully compiled asm.js code (total compilation time 2ms)
webRequest.onHeadersReceived event fired after context unloaded.
webRequest.onHeadersReceived event fired after context unloaded.
JavaScript warning: moz-extension://f22c9c5b-cd47-4a2c-8dfd-31a47bccccf7/background.js, line 0: Successfully compiled asm.js code (total compilation time 2ms)
JavaScript error: undefined, line 0: Error: frame.state is undefined
Extension error: Error: Type error for parameter tabId (Integer -1 is too small (must be at least 0)) for tabs.get. moz-extension://f22c9c5b-cd47-4a2c-8dfd-31a47bccccf7/ext/background.js 143
[[Exception stack
updatePageFrameStructure@moz-extension://f22c9c5b-cd47-4a2c-8dfd-31a47bccccf7/ext/background.js:143:20
@moz-extension://f22c9c5b-cd47-4a2c-8dfd-31a47bccccf7/ext/background.js:246:29
Current stack
applySafeWithoutClone@resource://gre/modules/ExtensionCommon.jsm:622:13
fire@resource://gre/modules/ExtensionChild.jsm:806:37
recvRunListener@resource://gre/modules/ExtensionChild.jsm:810:13
_recv@resource://gre/modules/ConduitsChild.jsm:78:20
receiveMessage@resource://gre/modules/ConduitsChild.jsm:184:20
run@resource://gre/modules/ConduitsChild.jsm:175:30
receiveMessage/<@resource://gre/modules/ConduitsChild.jsm:176:46
receiveMessage@resource://gre/modules/ConduitsChild.jsm:176:31
]]
JavaScript warning: https://zamunda.net/js/jquery-1.9.1.min.js, line 2: Using //@ to indicate sourceMappingURL pragmas is deprecated. Use //# instead
JavaScript error: , line 0: NetworkError: A network error occurred.
JavaScript error: , line 0: NetworkError: A network error occurred.
1615646016564	Marionette	WARN	TimedPromise timed out after 500 ms: stacktrace:
TimedPromise/<@chrome://marionette/content/sync.js:231:19
TimedPromise@chrome://marionette/content/sync.js:216:10
interaction.flushEventLoop@chrome://marionette/content/interaction.js:433:10
webdriverClickElement@chrome://marionette/content/interaction.js:179:31
1615646072492	Marionette	WARN	TimedPromise timed out after 500 ms: stacktrace:
TimedPromise/<@chrome://marionette/content/sync.js:231:19
TimedPromise@chrome://marionette/content/sync.js:216:10
interaction.flushEventLoop@chrome://marionette/content/interaction.js:433:10
webdriverClickElement@chrome://marionette/content/interaction.js:179:31
1615646081645	Marionette	WARN	TimedPromise timed out after 500 ms: stacktrace:
TimedPromise/<@chrome://marionette/content/sync.js:231:19
TimedPromise@chrome://marionette/content/sync.js:216:10
interaction.flushEventLoop@chrome://marionette/content/interaction.js:433:10
webdriverClickElement@chrome://marionette/content/interaction.js:179:31
1615646126965	Marionette	WARN	TimedPromise timed out after 500 ms: stacktrace:
TimedPromise/<@chrome://marionette/content/sync.js:231:19
TimedPromise@chrome://marionette/content/sync.js:216:10
interaction.flushEventLoop@chrome://marionette/content/interaction.js:433:10
webdriverClickElement@chrome://marionette/content/interaction.js:179:31
1615646136189	Marionette	WARN	TimedPromise timed out after 500 ms: stacktrace:
TimedPromise/<@chrome://marionette/content/sync.js:231:19
TimedPromise@chrome://marionette/content/sync.js:216:10
interaction.flushEventLoop@chrome://marionette/content/interaction.js:433:10
webdriverClickElement@chrome://marionette/content/interaction.js:179:31
1615646145450	Marionette	WARN	TimedPromise timed out after 500 ms: stacktrace:
TimedPromise/<@chrome://marionette/content/sync.js:231:19
TimedPromise@chrome://marionette/content/sync.js:216:10
interaction.flushEventLoop@chrome://marionette/content/interaction.js:433:10
webdriverClickElement@chrome://marionette/content/interaction.js:179:31
1615646154465	Marionette	WARN	TimedPromise timed out after 500 ms: stacktrace:
TimedPromise/<@chrome://marionette/content/sync.js:231:19
TimedPromise@chrome://marionette/content/sync.js:216:10
interaction.flushEventLoop@chrome://marionette/content/interaction.js:433:10
webdriverClickElement@chrome://marionette/content/interaction.js:179:31
1615646163609	Marionette	WARN	TimedPromise timed out after 500 ms: stacktrace:
TimedPromise/<@chrome://marionette/content/sync.js:231:19
TimedPromise@chrome://marionette/content/sync.js:216:10
interaction.flushEventLoop@chrome://marionette/content/interaction.js:433:10
webdriverClickElement@chrome://marionette/content/interaction.js:179:31
1615646172781	Marionette	WARN	TimedPromise timed out after 500 ms: stacktrace:
TimedPromise/<@chrome://marionette/content/sync.js:231:19
TimedPromise@chrome://marionette/content/sync.js:216:10
interaction.flushEventLoop@chrome://marionette/content/interaction.js:433:10
webdriverClickElement@chrome://marionette/content/interaction.js:179:31
1615646253818	Marionette	WARN	TimedPromise timed out after 500 ms: stacktrace:
TimedPromise/<@chrome://marionette/content/sync.js:231:19
TimedPromise@chrome://marionette/content/sync.js:216:10
interaction.flushEventLoop@chrome://marionette/content/interaction.js:433:10
webdriverClickElement@chrome://marionette/content/interaction.js:179:31
1615646263090	Marionette	WARN	TimedPromise timed out after 500 ms: stacktrace:
TimedPromise/<@chrome://marionette/content/sync.js:231:19
TimedPromise@chrome://marionette/content/sync.js:216:10
interaction.flushEventLoop@chrome://marionette/content/interaction.js:433:10
webdriverClickElement@chrome://marionette/content/interaction.js:179:31
1615646272493	Marionette	WARN	TimedPromise timed out after 500 ms: stacktrace:
TimedPromise/<@chrome://marionette/content/sync.js:231:19
TimedPromise@chrome://marionette/content/sync.js:216:10
interaction.flushEventLoop@chrome://marionette/content/interaction.js:433:10
webdriverClickElement@chrome://marionette/content/interaction.js:179:31
1615646281904	Marionette	WARN	TimedPromise timed out after 500 ms: stacktrace:
TimedPromise/<@chrome://marionette/content/sync.js:231:19
TimedPromise@chrome://marionette/content/sync.js:216:10
interaction.flushEventLoop@chrome://marionette/content/interaction.js:433:10
webdriverClickElement@chrome://marionette/content/interaction.js:179:31
1615646291067	Marionette	WARN	TimedPromise timed out after 500 ms: stacktrace:
TimedPromise/<@chrome://marionette/content/sync.js:231:19
TimedPromise@chrome://marionette/content/sync.js:216:10
interaction.flushEventLoop@chrome://marionette/content/interaction.js:433:10
webdriverClickElement@chrome://marionette/content/interaction.js:179:31
1615646300299	Marionette	WARN	TimedPromise timed out after 500 ms: stacktrace:
TimedPromise/<@chrome://marionette/content/sync.js:231:19
TimedPromise@chrome://marionette/content/sync.js:216:10
interaction.flushEventLoop@chrome://marionette/content/interaction.js:433:10
webdriverClickElement@chrome://marionette/content/interaction.js:179:31
1615646309594	Marionette	WARN	TimedPromise timed out after 500 ms: stacktrace:
TimedPromise/<@chrome://marionette/content/sync.js:231:19
TimedPromise@chrome://marionette/content/sync.js:216:10
interaction.flushEventLoop@chrome://marionette/content/interaction.js:433:10
webdriverClickElement@chrome://marionette/content/interaction.js:179:31
1615646318925	Marionette	WARN	TimedPromise timed out after 500 ms: stacktrace:
TimedPromise/<@chrome://marionette/content/sync.js:231:19
TimedPromise@chrome://marionette/content/sync.js:216:10
interaction.flushEventLoop@chrome://marionette/content/interaction.js:433:10
webdriverClickElement@chrome://marionette/content/interaction.js:179:31
1615646328213	Marionette	WARN	TimedPromise timed out after 500 ms: stacktrace:
TimedPromise/<@chrome://marionette/content/sync.js:231:19
TimedPromise@chrome://marionette/content/sync.js:216:10
interaction.flushEventLoop@chrome://marionette/content/interaction.js:433:10
webdriverClickElement@chrome://marionette/content/interaction.js:179:31
1615646337493	Marionette	WARN	TimedPromise timed out after 500 ms: stacktrace:
TimedPromise/<@chrome://marionette/content/sync.js:231:19
TimedPromise@chrome://marionette/content/sync.js:216:10
interaction.flushEventLoop@chrome://marionette/content/interaction.js:433:10
webdriverClickElement@chrome://marionette/content/interaction.js:179:31
1615646367152	Marionette	WARN	TimedPromise timed out after 500 ms: stacktrace:
TimedPromise/<@chrome://marionette/content/sync.js:231:19
TimedPromise@chrome://marionette/content/sync.js:216:10
interaction.flushEventLoop@chrome://marionette/content/interaction.js:433:10
webdriverClickElement@chrome://marionette/content/interaction.js:179:31
1615646376340	Marionette	WARN	TimedPromise timed out after 500 ms: stacktrace:
TimedPromise/<@chrome://marionette/content/sync.js:231:19
TimedPromise@chrome://marionette/content/sync.js:216:10
interaction.flushEventLoop@chrome://marionette/content/interaction.js:433:10
webdriverClickElement@chrome://marionette/content/interaction.js:179:31
1615646385498	Marionette	WARN	TimedPromise timed out after 500 ms: stacktrace:
TimedPromise/<@chrome://marionette/content/sync.js:231:19
TimedPromise@chrome://marionette/content/sync.js:216:10
interaction.flushEventLoop@chrome://marionette/content/interaction.js:433:10
webdriverClickElement@chrome://marionette/content/interaction.js:179:31
1615646394656	Marionette	WARN	TimedPromise timed out after 500 ms: stacktrace:
TimedPromise/<@chrome://marionette/content/sync.js:231:19
TimedPromise@chrome://marionette/content/sync.js:216:10
interaction.flushEventLoop@chrome://marionette/content/interaction.js:433:10
webdriverClickElement@chrome://marionette/content/interaction.js:179:31
1615646403838	Marionette	WARN	TimedPromise timed out after 500 ms: stacktrace:
TimedPromise/<@chrome://marionette/content/sync.js:231:19
TimedPromise@chrome://marionette/content/sync.js:216:10
interaction.flushEventLoop@chrome://marionette/content/interaction.js:433:10
webdriverClickElement@chrome://marionette/content/interaction.js:179:31
1615646413104	Marionette	WARN	TimedPromise timed out after 500 ms: stacktrace:
TimedPromise/<@chrome://marionette/content/sync.js:231:19
TimedPromise@chrome://marionette/content/sync.js:216:10
interaction.flushEventLoop@chrome://marionette/content/interaction.js:433:10
webdriverClickElement@chrome://marionette/content/interaction.js:179:31
1615646422437	Marionette	WARN	TimedPromise timed out after 500 ms: stacktrace:
TimedPromise/<@chrome://marionette/content/sync.js:231:19
TimedPromise@chrome://marionette/content/sync.js:216:10
interaction.flushEventLoop@chrome://marionette/content/interaction.js:433:10
webdriverClickElement@chrome://marionette/content/interaction.js:179:31
1615646431688	Marionette	WARN	TimedPromise timed out after 500 ms: stacktrace:
TimedPromise/<@chrome://marionette/content/sync.js:231:19
TimedPromise@chrome://marionette/content/sync.js:216:10
interaction.flushEventLoop@chrome://marionette/content/interaction.js:433:10
webdriverClickElement@chrome://marionette/content/interaction.js:179:31
1615646441091	Marionette	WARN	TimedPromise timed out after 500 ms: stacktrace:
TimedPromise/<@chrome://marionette/content/sync.js:231:19
TimedPromise@chrome://marionette/content/sync.js:216:10
interaction.flushEventLoop@chrome://marionette/content/interaction.js:433:10
webdriverClickElement@chrome://marionette/content/interaction.js:179:31
1615646450343	Marionette	WARN	TimedPromise timed out after 500 ms: stacktrace:
TimedPromise/<@chrome://marionette/content/sync.js:231:19
TimedPromise@chrome://marionette/content/sync.js:216:10
interaction.flushEventLoop@chrome://marionette/content/interaction.js:433:10
webdriverClickElement@chrome://marionette/content/interaction.js:179:31
1615646459693	Marionette	WARN	TimedPromise timed out after 500 ms: stacktrace:
TimedPromise/<@chrome://marionette/content/sync.js:231:19
TimedPromise@chrome://marionette/content/sync.js:216:10
interaction.flushEventLoop@chrome://marionette/content/interaction.js:433:10
webdriverClickElement@chrome://marionette/content/interaction.js:179:31
1615646469006	Marionette	WARN	TimedPromise timed out after 500 ms: stacktrace:
TimedPromise/<@chrome://marionette/content/sync.js:231:19
TimedPromise@chrome://marionette/content/sync.js:216:10
interaction.flushEventLoop@chrome://marionette/content/interaction.js:433:10
webdriverClickElement@chrome://marionette/content/interaction.js:179:31
1615646478337	Marionette	WARN	TimedPromise timed out after 500 ms: stacktrace:
TimedPromise/<@chrome://marionette/content/sync.js:231:19
TimedPromise@chrome://marionette/content/sync.js:216:10
interaction.flushEventLoop@chrome://marionette/content/interaction.js:433:10
webdriverClickElement@chrome://marionette/content/interaction.js:179:31
1615646487606	Marionette	WARN	TimedPromise timed out after 500 ms: stacktrace:
TimedPromise/<@chrome://marionette/content/sync.js:231:19
TimedPromise@chrome://marionette/content/sync.js:216:10
interaction.flushEventLoop@chrome://marionette/content/interaction.js:433:10
webdriverClickElement@chrome://marionette/content/interaction.js:179:31
1615646496884	Marionette	WARN	TimedPromise timed out after 500 ms: stacktrace:
TimedPromise/<@chrome://marionette/content/sync.js:231:19
TimedPromise@chrome://marionette/content/sync.js:216:10
interaction.flushEventLoop@chrome://marionette/content/interaction.js:433:10
webdriverClickElement@chrome://marionette/content/interaction.js:179:31
1615646506111	Marionette	WARN	TimedPromise timed out after 500 ms: stacktrace:
TimedPromise/<@chrome://marionette/content/sync.js:231:19
TimedPromise@chrome://marionette/content/sync.js:216:10
interaction.flushEventLoop@chrome://marionette/content/interaction.js:433:10
webdriverClickElement@chrome://marionette/content/interaction.js:179:31
1615646560304	Marionette	WARN	TimedPromise timed out after 500 ms: stacktrace:
TimedPromise/<@chrome://marionette/content/sync.js:231:19
TimedPromise@chrome://marionette/content/sync.js:216:10
interaction.flushEventLoop@chrome://marionette/content/interaction.js:433:10
webdriverClickElement@chrome://marionette/content/interaction.js:179:31
A content process crashed and MOZ_CRASHREPORTER_SHUTDOWN is set, shutting down
1615654521905	Marionette	INFO	Stopped listening on port 36683
1615654709824	geckodriver	INFO	Listening on 127.0.0.1:51109
1615654736815	mozrunner::runner	INFO	Running command: "/usr/bin/firefox" "--marionette" "-foreground" "-no-remote" "-profile" "/tmp/rust_mozprofileEUP1nQ"
1615654741414	Marionette	INFO	Listening on port 44551
1615654741508	Marionette	WARN	TLS certificate errors will be ignored for this session
JavaScript warning: moz-extension://f22c9c5b-cd47-4a2c-8dfd-31a47bccccf7/background.js, line 0: Successfully compiled asm.js code (total compilation time 5ms)
Extension error: Error: Type error for parameter tabId (Integer -1 is too small (must be at least 0)) for tabs.get. moz-extension://f22c9c5b-cd47-4a2c-8dfd-31a47bccccf7/ext/background.js 143
[[Exception stack
updatePageFrameStructure@moz-extension://f22c9c5b-cd47-4a2c-8dfd-31a47bccccf7/ext/background.js:143:20
@moz-extension://f22c9c5b-cd47-4a2c-8dfd-31a47bccccf7/ext/background.js:246:29
Current stack
applySafeWithoutClone@resource://gre/modules/ExtensionCommon.jsm:622:13
fire@resource://gre/modules/ExtensionChild.jsm:806:37
recvRunListener@resource://gre/modules/ExtensionChild.jsm:810:13
_recv@resource://gre/modules/ConduitsChild.jsm:78:20
receiveMessage@resource://gre/modules/ConduitsChild.jsm:184:20
run@resource://gre/modules/ConduitsChild.jsm:175:30
receiveMessage/<@resource://gre/modules/ConduitsChild.jsm:176:46
receiveMessage@resource://gre/modules/ConduitsChild.jsm:176:31
]]
JavaScript warning: moz-extension://f22c9c5b-cd47-4a2c-8dfd-31a47bccccf7/background.js, line 0: Successfully compiled asm.js code (total compilation time 13ms)
Extension error: Error: Type error for parameter tabId (Integer -1 is too small (must be at least 0)) for tabs.get. moz-extension://f22c9c5b-cd47-4a2c-8dfd-31a47bccccf7/ext/background.js 143
[[Exception stack
updatePageFrameStructure@moz-extension://f22c9c5b-cd47-4a2c-8dfd-31a47bccccf7/ext/background.js:143:20
@moz-extension://f22c9c5b-cd47-4a2c-8dfd-31a47bccccf7/ext/background.js:246:29
Current stack
applySafeWithoutClone@resource://gre/modules/ExtensionCommon.jsm:622:13
fire@resource://gre/modules/ExtensionChild.jsm:806:37
recvRunListener@resource://gre/modules/ExtensionChild.jsm:810:13
_recv@resource://gre/modules/ConduitsChild.jsm:78:20
receiveMessage@resource://gre/modules/ConduitsChild.jsm:184:20
run@resource://gre/modules/ConduitsChild.jsm:175:30
receiveMessage/<@resource://gre/modules/ConduitsChild.jsm:176:46
receiveMessage@resource://gre/modules/ConduitsChild.jsm:176:31
]]
JavaScript warning: https://zamunda.net/js/jquery-1.9.1.min.js, line 2: Using //@ to indicate sourceMappingURL pragmas is deprecated. Use //# instead
1615655493855	Marionette	INFO	Stopped listening on port 44551
1615655496785	geckodriver	INFO	Listening on 127.0.0.1:33519
1615655524355	mozrunner::runner	INFO	Running command: "/usr/bin/firefox" "--marionette" "-foreground" "-no-remote" "-profile" "/tmp/rust_mozprofileK7ebFN"
1615655528853	Marionette	INFO	Listening on port 39359
1615655528978	Marionette	WARN	TLS certificate errors will be ignored for this session
JavaScript warning: moz-extension://f22c9c5b-cd47-4a2c-8dfd-31a47bccccf7/background.js, line 0: Successfully compiled asm.js code (total compilation time 6ms)
JavaScript warning: moz-extension://f22c9c5b-cd47-4a2c-8dfd-31a47bccccf7/background.js, line 0: Successfully compiled asm.js code (total compilation time 2ms)
JavaScript error: undefined, line 0: Error: frame.state is undefined
Extension error: Error: Type error for parameter tabId (Integer -1 is too small (must be at least 0)) for tabs.get. moz-extension://f22c9c5b-cd47-4a2c-8dfd-31a47bccccf7/ext/background.js 143
[[Exception stack
updatePageFrameStructure@moz-extension://f22c9c5b-cd47-4a2c-8dfd-31a47bccccf7/ext/background.js:143:20
@moz-extension://f22c9c5b-cd47-4a2c-8dfd-31a47bccccf7/ext/background.js:246:29
Current stack
applySafeWithoutClone@resource://gre/modules/ExtensionCommon.jsm:622:13
fire@resource://gre/modules/ExtensionChild.jsm:806:37
recvRunListener@resource://gre/modules/ExtensionChild.jsm:810:13
_recv@resource://gre/modules/ConduitsChild.jsm:78:20
receiveMessage@resource://gre/modules/ConduitsChild.jsm:184:20
run@resource://gre/modules/ConduitsChild.jsm:175:30
receiveMessage/<@resource://gre/modules/ConduitsChild.jsm:176:46
receiveMessage@resource://gre/modules/ConduitsChild.jsm:176:31
]]
JavaScript warning: https://zamunda.net/js/jquery-1.9.1.min.js, line 2: Using //@ to indicate sourceMappingURL pragmas is deprecated. Use //# instead
SourceActor threw an exception: [Exception... "Component returned failure code: 0x80470002 (NS_BASE_STREAM_CLOSED) [nsIInputStream.available]"  nsresult: "0x80470002 (NS_BASE_STREAM_CLOSED)"  location: "JS frame :: resource://devtools/shared/DevToolsUtils.js :: onResponse :: line 567"  data: no]
Stack: onResponse@resource://devtools/shared/DevToolsUtils.js:567:34
onStopRequest@resource://gre/modules/NetUtil.jsm:128:18
Line: 567, column: 0
console.error: ({})
JavaScript error: resource://devtools/shared/DevToolsUtils.js, line 567: NS_BASE_STREAM_CLOSED: Component returned failure code: 0x80470002 (NS_BASE_STREAM_CLOSED) [nsIInputStream.available]
1615655828892	geckodriver	INFO	Listening on 127.0.0.1:45393
1615656033773	geckodriver	INFO	Listening on 127.0.0.1:37899
1615656060820	mozrunner::runner	INFO	Running command: "/usr/bin/firefox" "--marionette" "-foreground" "-no-remote" "-profile" "/tmp/rust_mozprofileaRrWTi"
1615656065739	Marionette	INFO	Listening on port 46465
1615656065981	Marionette	WARN	TLS certificate errors will be ignored for this session
JavaScript warning: moz-extension://f22c9c5b-cd47-4a2c-8dfd-31a47bccccf7/background.js, line 0: Successfully compiled asm.js code (total compilation time 5ms)
webRequest.onHeadersReceived event fired after context unloaded.
JavaScript error: resource://gre/modules/addons/XPIProvider.jsm, line 216: AbortError: Actor 'Conduits' destroyed before query 'RunListener' was resolved
JavaScript warning: moz-extension://f22c9c5b-cd47-4a2c-8dfd-31a47bccccf7/background.js, line 0: Successfully compiled asm.js code (total compilation time 2ms)
JavaScript error: undefined, line 0: Error: frame.state is undefined
Extension error: Error: Type error for parameter tabId (Integer -1 is too small (must be at least 0)) for tabs.get. moz-extension://f22c9c5b-cd47-4a2c-8dfd-31a47bccccf7/ext/background.js 143
[[Exception stack
updatePageFrameStructure@moz-extension://f22c9c5b-cd47-4a2c-8dfd-31a47bccccf7/ext/background.js:143:20
@moz-extension://f22c9c5b-cd47-4a2c-8dfd-31a47bccccf7/ext/background.js:246:29
Current stack
applySafeWithoutClone@resource://gre/modules/ExtensionCommon.jsm:622:13
fire@resource://gre/modules/ExtensionChild.jsm:806:37
recvRunListener@resource://gre/modules/ExtensionChild.jsm:810:13
_recv@resource://gre/modules/ConduitsChild.jsm:78:20
receiveMessage@resource://gre/modules/ConduitsChild.jsm:184:20
run@resource://gre/modules/ConduitsChild.jsm:175:30
receiveMessage/<@resource://gre/modules/ConduitsChild.jsm:176:46
receiveMessage@resource://gre/modules/ConduitsChild.jsm:176:31
]]
JavaScript warning: https://zamunda.net/js/jquery-1.9.1.min.js, line 2: Using //@ to indicate sourceMappingURL pragmas is deprecated. Use //# instead
1615656195324	geckodriver	INFO	Listening on 127.0.0.1:60941
1615656222241	mozrunner::runner	INFO	Running command: "/usr/bin/firefox" "--marionette" "-foreground" "-no-remote" "-profile" "/tmp/rust_mozprofilesJB1v5"
1615656226745	Marionette	INFO	Listening on port 42551
1615656227002	Marionette	WARN	TLS certificate errors will be ignored for this session
JavaScript warning: moz-extension://f22c9c5b-cd47-4a2c-8dfd-31a47bccccf7/background.js, line 0: Successfully compiled asm.js code (total compilation time 1ms)
JavaScript error: undefined, line 0: Error: frame.state is undefined
Extension error: Error: Type error for parameter tabId (Integer -1 is too small (must be at least 0)) for tabs.get. moz-extension://f22c9c5b-cd47-4a2c-8dfd-31a47bccccf7/ext/background.js 143
[[Exception stack
updatePageFrameStructure@moz-extension://f22c9c5b-cd47-4a2c-8dfd-31a47bccccf7/ext/background.js:143:20
@moz-extension://f22c9c5b-cd47-4a2c-8dfd-31a47bccccf7/ext/background.js:246:29
Current stack
applySafeWithoutClone@resource://gre/modules/ExtensionCommon.jsm:622:13
fire@resource://gre/modules/ExtensionChild.jsm:806:37
recvRunListener@resource://gre/modules/ExtensionChild.jsm:810:13
_recv@resource://gre/modules/ConduitsChild.jsm:78:20
receiveMessage@resource://gre/modules/ConduitsChild.jsm:184:20
run@resource://gre/modules/ConduitsChild.jsm:175:30
receiveMessage/<@resource://gre/modules/ConduitsChild.jsm:176:46
receiveMessage@resource://gre/modules/ConduitsChild.jsm:176:31
]]
JavaScript warning: https://zamunda.net/js/jquery-1.9.1.min.js, line 2: Using //@ to indicate sourceMappingURL pragmas is deprecated. Use //# instead
1615656311389	geckodriver	INFO	Listening on 127.0.0.1:43087
1615656448006	geckodriver	INFO	Listening on 127.0.0.1:35473
1615656474972	mozrunner::runner	INFO	Running command: "/usr/bin/firefox" "--marionette" "-foreground" "-no-remote" "-profile" "/tmp/rust_mozprofileTmnxde"
1615656479811	Marionette	INFO	Listening on port 41817
1615656479853	Marionette	WARN	TLS certificate errors will be ignored for this session
JavaScript error: resource://gre/modules/ExtensionCommon.jsm, line 2344: Error: listener not re-registered
tabs.onUpdated event fired after context unloaded.
tabs.onUpdated event fired after context unloaded.
tabs.onUpdated event fired after context unloaded.
JavaScript warning: moz-extension://f22c9c5b-cd47-4a2c-8dfd-31a47bccccf7/background.js, line 0: Successfully compiled asm.js code (total compilation time 2ms)
JavaScript error: undefined, line 0: Error: frame.state is undefined
tabs.onUpdated event fired after context unloaded.
tabs.onUpdated event fired after context unloaded.
tabs.onUpdated event fired after context unloaded.
Extension error: Error: Type error for parameter tabId (Integer -1 is too small (must be at least 0)) for tabs.get. moz-extension://f22c9c5b-cd47-4a2c-8dfd-31a47bccccf7/ext/background.js 143
[[Exception stack
updatePageFrameStructure@moz-extension://f22c9c5b-cd47-4a2c-8dfd-31a47bccccf7/ext/background.js:143:20
@moz-extension://f22c9c5b-cd47-4a2c-8dfd-31a47bccccf7/ext/background.js:246:29
Current stack
applySafeWithoutClone@resource://gre/modules/ExtensionCommon.jsm:622:13
fire@resource://gre/modules/ExtensionChild.jsm:806:37
recvRunListener@resource://gre/modules/ExtensionChild.jsm:810:13
_recv@resource://gre/modules/ConduitsChild.jsm:78:20
receiveMessage@resource://gre/modules/ConduitsChild.jsm:184:20
run@resource://gre/modules/ConduitsChild.jsm:175:30
receiveMessage/<@resource://gre/modules/ConduitsChild.jsm:176:46
receiveMessage@resource://gre/modules/ConduitsChild.jsm:176:31
]]
JavaScript warning: https://zamunda.net/js/jquery-1.9.1.min.js, line 2: Using //@ to indicate sourceMappingURL pragmas is deprecated. Use //# instead
1615656557699	geckodriver	INFO	Listening on 127.0.0.1:53151
1615656582542	Marionette	INFO	Stopped listening on port 41817
1615656584775	mozrunner::runner	INFO	Running command: "/usr/bin/firefox" "--marionette" "-foreground" "-no-remote" "-profile" "/tmp/rust_mozprofileNXZ8Li"
1615656589342	Marionette	INFO	Listening on port 35627
1615656589461	Marionette	WARN	TLS certificate errors will be ignored for this session
JavaScript warning: moz-extension://f22c9c5b-cd47-4a2c-8dfd-31a47bccccf7/background.js, line 0: Successfully compiled asm.js code (total compilation time 2ms)
webRequest.onHeadersReceived event fired after context unloaded.
JavaScript warning: moz-extension://f22c9c5b-cd47-4a2c-8dfd-31a47bccccf7/background.js, line 0: Successfully compiled asm.js code (total compilation time 2ms)
JavaScript error: undefined, line 0: Error: frame.state is undefined
Extension error: Error: Type error for parameter tabId (Integer -1 is too small (must be at least 0)) for tabs.get. moz-extension://f22c9c5b-cd47-4a2c-8dfd-31a47bccccf7/ext/background.js 143
[[Exception stack
updatePageFrameStructure@moz-extension://f22c9c5b-cd47-4a2c-8dfd-31a47bccccf7/ext/background.js:143:20
@moz-extension://f22c9c5b-cd47-4a2c-8dfd-31a47bccccf7/ext/background.js:246:29
Current stack
applySafeWithoutClone@resource://gre/modules/ExtensionCommon.jsm:622:13
fire@resource://gre/modules/ExtensionChild.jsm:806:37
recvRunListener@resource://gre/modules/ExtensionChild.jsm:810:13
_recv@resource://gre/modules/ConduitsChild.jsm:78:20
receiveMessage@resource://gre/modules/ConduitsChild.jsm:184:20
run@resource://gre/modules/ConduitsChild.jsm:175:30
receiveMessage/<@resource://gre/modules/ConduitsChild.jsm:176:46
receiveMessage@resource://gre/modules/ConduitsChild.jsm:176:31
]]
JavaScript warning: https://zamunda.net/js/jquery-1.9.1.min.js, line 2: Using //@ to indicate sourceMappingURL pragmas is deprecated. Use //# instead
1615656671672	Marionette	WARN	TimedPromise timed out after 500 ms: stacktrace:
TimedPromise/<@chrome://marionette/content/sync.js:231:19
TimedPromise@chrome://marionette/content/sync.js:216:10
interaction.flushEventLoop@chrome://marionette/content/interaction.js:433:10
webdriverClickElement@chrome://marionette/content/interaction.js:179:31
1615656725465	Marionette	WARN	TimedPromise timed out after 500 ms: stacktrace:
TimedPromise/<@chrome://marionette/content/sync.js:231:19
TimedPromise@chrome://marionette/content/sync.js:216:10
interaction.flushEventLoop@chrome://marionette/content/interaction.js:433:10
webdriverClickElement@chrome://marionette/content/interaction.js:179:31
1615656734730	Marionette	WARN	TimedPromise timed out after 500 ms: stacktrace:
TimedPromise/<@chrome://marionette/content/sync.js:231:19
TimedPromise@chrome://marionette/content/sync.js:216:10
interaction.flushEventLoop@chrome://marionette/content/interaction.js:433:10
webdriverClickElement@chrome://marionette/content/interaction.js:179:31
1615656780971	Marionette	WARN	TimedPromise timed out after 500 ms: stacktrace:
TimedPromise/<@chrome://marionette/content/sync.js:231:19
TimedPromise@chrome://marionette/content/sync.js:216:10
interaction.flushEventLoop@chrome://marionette/content/interaction.js:433:10
webdriverClickElement@chrome://marionette/content/interaction.js:179:31
1615656790194	Marionette	WARN	TimedPromise timed out after 500 ms: stacktrace:
TimedPromise/<@chrome://marionette/content/sync.js:231:19
TimedPromise@chrome://marionette/content/sync.js:216:10
interaction.flushEventLoop@chrome://marionette/content/interaction.js:433:10
webdriverClickElement@chrome://marionette/content/interaction.js:179:31
1615656799543	Marionette	WARN	TimedPromise timed out after 500 ms: stacktrace:
TimedPromise/<@chrome://marionette/content/sync.js:231:19
TimedPromise@chrome://marionette/content/sync.js:216:10
interaction.flushEventLoop@chrome://marionette/content/interaction.js:433:10
webdriverClickElement@chrome://marionette/content/interaction.js:179:31
1615656808808	Marionette	WARN	TimedPromise timed out after 500 ms: stacktrace:
TimedPromise/<@chrome://marionette/content/sync.js:231:19
TimedPromise@chrome://marionette/content/sync.js:216:10
interaction.flushEventLoop@chrome://marionette/content/interaction.js:433:10
webdriverClickElement@chrome://marionette/content/interaction.js:179:31
1615656818165	Marionette	WARN	TimedPromise timed out after 500 ms: stacktrace:
TimedPromise/<@chrome://marionette/content/sync.js:231:19
TimedPromise@chrome://marionette/content/sync.js:216:10
interaction.flushEventLoop@chrome://marionette/content/interaction.js:433:10
webdriverClickElement@chrome://marionette/content/interaction.js:179:31
1615656827430	Marionette	WARN	TimedPromise timed out after 500 ms: stacktrace:
TimedPromise/<@chrome://marionette/content/sync.js:231:19
TimedPromise@chrome://marionette/content/sync.js:216:10
interaction.flushEventLoop@chrome://marionette/content/interaction.js:433:10
webdriverClickElement@chrome://marionette/content/interaction.js:179:31
1615656908596	Marionette	WARN	TimedPromise timed out after 500 ms: stacktrace:
TimedPromise/<@chrome://marionette/content/sync.js:231:19
TimedPromise@chrome://marionette/content/sync.js:216:10
interaction.flushEventLoop@chrome://marionette/content/interaction.js:433:10
webdriverClickElement@chrome://marionette/content/interaction.js:179:31
1615656917879	Marionette	WARN	TimedPromise timed out after 500 ms: stacktrace:
TimedPromise/<@chrome://marionette/content/sync.js:231:19
TimedPromise@chrome://marionette/content/sync.js:216:10
interaction.flushEventLoop@chrome://marionette/content/interaction.js:433:10
webdriverClickElement@chrome://marionette/content/interaction.js:179:31
1615656927235	Marionette	WARN	TimedPromise timed out after 500 ms: stacktrace:
TimedPromise/<@chrome://marionette/content/sync.js:231:19
TimedPromise@chrome://marionette/content/sync.js:216:10
interaction.flushEventLoop@chrome://marionette/content/interaction.js:433:10
webdriverClickElement@chrome://marionette/content/interaction.js:179:31
1615656936730	Marionette	WARN	TimedPromise timed out after 500 ms: stacktrace:
TimedPromise/<@chrome://marionette/content/sync.js:231:19
TimedPromise@chrome://marionette/content/sync.js:216:10
interaction.flushEventLoop@chrome://marionette/content/interaction.js:433:10
webdriverClickElement@chrome://marionette/content/interaction.js:179:31
1615656945917	Marionette	WARN	TimedPromise timed out after 500 ms: stacktrace:
TimedPromise/<@chrome://marionette/content/sync.js:231:19
TimedPromise@chrome://marionette/content/sync.js:216:10
interaction.flushEventLoop@chrome://marionette/content/interaction.js:433:10
webdriverClickElement@chrome://marionette/content/interaction.js:179:31
1615656955199	Marionette	WARN	TimedPromise timed out after 500 ms: stacktrace:
TimedPromise/<@chrome://marionette/content/sync.js:231:19
TimedPromise@chrome://marionette/content/sync.js:216:10
interaction.flushEventLoop@chrome://marionette/content/interaction.js:433:10
webdriverClickElement@chrome://marionette/content/interaction.js:179:31
1615656964591	Marionette	WARN	TimedPromise timed out after 500 ms: stacktrace:
TimedPromise/<@chrome://marionette/content/sync.js:231:19
TimedPromise@chrome://marionette/content/sync.js:216:10
interaction.flushEventLoop@chrome://marionette/content/interaction.js:433:10
webdriverClickElement@chrome://marionette/content/interaction.js:179:31
1615656973922	Marionette	WARN	TimedPromise timed out after 500 ms: stacktrace:
TimedPromise/<@chrome://marionette/content/sync.js:231:19
TimedPromise@chrome://marionette/content/sync.js:216:10
interaction.flushEventLoop@chrome://marionette/content/interaction.js:433:10
webdriverClickElement@chrome://marionette/content/interaction.js:179:31
1615656983280	Marionette	WARN	TimedPromise timed out after 500 ms: stacktrace:
TimedPromise/<@chrome://marionette/content/sync.js:231:19
TimedPromise@chrome://marionette/content/sync.js:216:10
interaction.flushEventLoop@chrome://marionette/content/interaction.js:433:10
webdriverClickElement@chrome://marionette/content/interaction.js:179:31
1615656992591	Marionette	WARN	TimedPromise timed out after 500 ms: stacktrace:
TimedPromise/<@chrome://marionette/content/sync.js:231:19
TimedPromise@chrome://marionette/content/sync.js:216:10
interaction.flushEventLoop@chrome://marionette/content/interaction.js:433:10
webdriverClickElement@chrome://marionette/content/interaction.js:179:31
1615657022285	Marionette	WARN	TimedPromise timed out after 500 ms: stacktrace:
TimedPromise/<@chrome://marionette/content/sync.js:231:19
TimedPromise@chrome://marionette/content/sync.js:216:10
interaction.flushEventLoop@chrome://marionette/content/interaction.js:433:10
webdriverClickElement@chrome://marionette/content/interaction.js:179:31
1615657032111	Marionette	WARN	TimedPromise timed out after 500 ms: stacktrace:
TimedPromise/<@chrome://marionette/content/sync.js:231:19
TimedPromise@chrome://marionette/content/sync.js:216:10
interaction.flushEventLoop@chrome://marionette/content/interaction.js:433:10
webdriverClickElement@chrome://marionette/content/interaction.js:179:31
1615657042357	Marionette	WARN	TimedPromise timed out after 500 ms: stacktrace:
TimedPromise/<@chrome://marionette/content/sync.js:231:19
TimedPromise@chrome://marionette/content/sync.js:216:10
interaction.flushEventLoop@chrome://marionette/content/interaction.js:433:10
webdriverClickElement@chrome://marionette/content/interaction.js:179:31
1615657053007	Marionette	WARN	TimedPromise timed out after 500 ms: stacktrace:
TimedPromise/<@chrome://marionette/content/sync.js:231:19
TimedPromise@chrome://marionette/content/sync.js:216:10
interaction.flushEventLoop@chrome://marionette/content/interaction.js:433:10
webdriverClickElement@chrome://marionette/content/interaction.js:179:31
1615657063084	Marionette	WARN	TimedPromise timed out after 500 ms: stacktrace:
TimedPromise/<@chrome://marionette/content/sync.js:231:19
TimedPromise@chrome://marionette/content/sync.js:216:10
interaction.flushEventLoop@chrome://marionette/content/interaction.js:433:10
webdriverClickElement@chrome://marionette/content/interaction.js:179:31
1615657074824	Marionette	WARN	TimedPromise timed out after 500 ms: stacktrace:
TimedPromise/<@chrome://marionette/content/sync.js:231:19
TimedPromise@chrome://marionette/content/sync.js:216:10
interaction.flushEventLoop@chrome://marionette/content/interaction.js:433:10
webdriverClickElement@chrome://marionette/content/interaction.js:179:31
1615657085676	Marionette	WARN	TimedPromise timed out after 500 ms: stacktrace:
TimedPromise/<@chrome://marionette/content/sync.js:231:19
TimedPromise@chrome://marionette/content/sync.js:216:10
interaction.flushEventLoop@chrome://marionette/content/interaction.js:433:10
webdriverClickElement@chrome://marionette/content/interaction.js:179:31
1615657096888	Marionette	WARN	TimedPromise timed out after 500 ms: stacktrace:
TimedPromise/<@chrome://marionette/content/sync.js:231:19
TimedPromise@chrome://marionette/content/sync.js:216:10
interaction.flushEventLoop@chrome://marionette/content/interaction.js:433:10
webdriverClickElement@chrome://marionette/content/interaction.js:179:31
1615657108994	Marionette	WARN	TimedPromise timed out after 500 ms: stacktrace:
TimedPromise/<@chrome://marionette/content/sync.js:231:19
TimedPromise@chrome://marionette/content/sync.js:216:10
interaction.flushEventLoop@chrome://marionette/content/interaction.js:433:10
webdriverClickElement@chrome://marionette/content/interaction.js:179:31
1615657120201	Marionette	WARN	TimedPromise timed out after 500 ms: stacktrace:
TimedPromise/<@chrome://marionette/content/sync.js:231:19
TimedPromise@chrome://marionette/content/sync.js:216:10
interaction.flushEventLoop@chrome://marionette/content/interaction.js:433:10
webdriverClickElement@chrome://marionette/content/interaction.js:179:31
1615657130994	Marionette	WARN	TimedPromise timed out after 500 ms: stacktrace:
TimedPromise/<@chrome://marionette/content/sync.js:231:19
TimedPromise@chrome://marionette/content/sync.js:216:10
interaction.flushEventLoop@chrome://marionette/content/interaction.js:433:10
webdriverClickElement@chrome://marionette/content/interaction.js:179:31
1615657141806	Marionette	WARN	TimedPromise timed out after 500 ms: stacktrace:
TimedPromise/<@chrome://marionette/content/sync.js:231:19
TimedPromise@chrome://marionette/content/sync.js:216:10
interaction.flushEventLoop@chrome://marionette/content/interaction.js:433:10
webdriverClickElement@chrome://marionette/content/interaction.js:179:31
1615657153142	Marionette	WARN	TimedPromise timed out after 500 ms: stacktrace:
TimedPromise/<@chrome://marionette/content/sync.js:231:19
TimedPromise@chrome://marionette/content/sync.js:216:10
interaction.flushEventLoop@chrome://marionette/content/interaction.js:433:10
webdriverClickElement@chrome://marionette/content/interaction.js:179:31
1615657163937	Marionette	WARN	TimedPromise timed out after 500 ms: stacktrace:
TimedPromise/<@chrome://marionette/content/sync.js:231:19
TimedPromise@chrome://marionette/content/sync.js:216:10
interaction.flushEventLoop@chrome://marionette/content/interaction.js:433:10
webdriverClickElement@chrome://marionette/content/interaction.js:179:31
1615657176178	Marionette	WARN	TimedPromise timed out after 500 ms: stacktrace:
TimedPromise/<@chrome://marionette/content/sync.js:231:19
TimedPromise@chrome://marionette/content/sync.js:216:10
interaction.flushEventLoop@chrome://marionette/content/interaction.js:433:10
webdriverClickElement@chrome://marionette/content/interaction.js:179:31
1615657185937	Marionette	WARN	TimedPromise timed out after 500 ms: stacktrace:
TimedPromise/<@chrome://marionette/content/sync.js:231:19
TimedPromise@chrome://marionette/content/sync.js:216:10
interaction.flushEventLoop@chrome://marionette/content/interaction.js:433:10
webdriverClickElement@chrome://marionette/content/interaction.js:179:31
1615657244163	Marionette	WARN	TimedPromise timed out after 500 ms: stacktrace:
TimedPromise/<@chrome://marionette/content/sync.js:231:19
TimedPromise@chrome://marionette/content/sync.js:216:10
interaction.flushEventLoop@chrome://marionette/content/interaction.js:433:10
webdriverClickElement@chrome://marionette/content/interaction.js:179:31
Marionette threw an error: TypeError: browsingContextFn().currentWindowGlobal is null
getMarionetteCommandsActorProxy/get/<@chrome://marionette/content/actors/MarionetteCommandsParent.jsm:332:29

A content process crashed and MOZ_CRASHREPORTER_SHUTDOWN is set, shutting down
1615677443632	Marionette	INFO	Stopped listening on port 35627
