Time: 24-Mar-2021 (17:58:24.621249): Can't create 'stock_description'. Table exist.
Time: 24-Mar-2021 (17:58:24.621420): Can't create 'stock_stats'. Table exist.
Time: 24-Mar-2021 (17:58:24.621516): Can't create 'stock_price_history'. Table exist.
Time: 24-Mar-2021 (17:58:24.621607): Can't create 'stock_research'. Table exist.
Time: 24-Mar-2021 (17:58:24.621696): Can't create 'all_stocks'. Table exist.
Time: 24-Mar-2021 (17:59:50.664548): Can't create 'stock_description'. Table exist.
Time: 24-Mar-2021 (17:59:50.664719): Can't create 'stock_stats'. Table exist.
Time: 24-Mar-2021 (17:59:50.664839): Can't create 'stock_price_history'. Table exist.
Time: 24-Mar-2021 (17:59:50.664967): Can't create 'stock_research'. Table exist.
Time: 24-Mar-2021 (17:59:50.665097): Can't create 'all_stocks'. Table exist.
Time: 24-Mar-2021 (18:19:03.564920): Can't create 'stock_description'. Table exist.
Time: 24-Mar-2021 (18:19:03.565316): Can't create 'stock_stats'. Table exist.
Time: 24-Mar-2021 (18:19:03.565431): Can't create 'stock_price_history'. Table exist.
Time: 24-Mar-2021 (18:19:03.565541): Can't create 'stock_research'. Table exist.
Time: 24-Mar-2021 (18:19:03.565654): Can't create 'all_stocks'. Table exist.
Time: 24-Mar-2021 (18:26:48.522544): Can't create 'stock_description'. Table exist.
Time: 24-Mar-2021 (18:26:48.522952): Can't create 'stock_stats'. Table exist.
Time: 24-Mar-2021 (18:26:48.523039): Can't create 'stock_price_history'. Table exist.
Time: 24-Mar-2021 (18:26:48.523121): Can't create 'stock_research'. Table exist.
Time: 24-Mar-2021 (18:26:48.523204): Can't create 'all_stocks'. Table exist.
Time: 24-Mar-2021 (19:10:11.812328): Can't create 'stock_description'. Table exist.
Time: 24-Mar-2021 (19:10:11.812504): Can't create 'stock_stats'. Table exist.
Time: 24-Mar-2021 (19:10:11.812638): Can't create 'stock_price_history'. Table exist.
Time: 24-Mar-2021 (19:10:11.812773): Can't create 'stock_research'. Table exist.
Time: 24-Mar-2021 (19:10:11.812902): Can't create 'all_stocks'. Table exist.
Time: 24-Mar-2021 (19:12:29.710250): Can't create 'stock_description'. Table exist.
Time: 24-Mar-2021 (19:12:29.710595): Can't create 'stock_stats'. Table exist.
Time: 24-Mar-2021 (19:12:29.710690): Can't create 'stock_price_history'. Table exist.
Time: 24-Mar-2021 (19:12:29.710790): Can't create 'stock_research'. Table exist.
Time: 24-Mar-2021 (19:12:29.710887): Can't create 'all_stocks'. Table exist.
Time: 24-Mar-2021 (19:21:04.461474): Can't create 'stock_description'. Table exist.
Time: 24-Mar-2021 (19:21:04.461651): Can't create 'stock_stats'. Table exist.
Time: 24-Mar-2021 (19:21:04.461752): Can't create 'stock_price_history'. Table exist.
Time: 24-Mar-2021 (19:21:04.461842): Can't create 'stock_research'. Table exist.
Time: 24-Mar-2021 (19:21:04.461931): Can't create 'all_stocks'. Table exist.
Time: 25-Mar-2021 (01:31:52.478710): Can't create 'stock_description'. Table exist.
Time: 25-Mar-2021 (01:31:52.479244): Can't create 'stock_stats'. Table exist.
Time: 25-Mar-2021 (01:31:52.479353): Can't create 'stock_price_history'. Table exist.
Time: 25-Mar-2021 (01:31:52.479450): Can't create 'stock_research'. Table exist.
Time: 25-Mar-2021 (01:31:52.479543): Can't create 'all_stocks'. Table exist.
Time: 25-Mar-2021 (01:35:41.336079): Can't create 'stock_description'. Table exist.
Time: 25-Mar-2021 (01:35:41.336383): Can't create 'stock_stats'. Table exist.
Time: 25-Mar-2021 (01:35:41.336476): Can't create 'stock_price_history'. Table exist.
Time: 25-Mar-2021 (01:35:41.336575): Can't create 'stock_research'. Table exist.
Time: 25-Mar-2021 (01:35:41.336673): Can't create 'all_stocks'. Table exist.
Time: 25-Mar-2021 (01:38:21.644208): Can't create 'stock_description'. Table exist.
Time: 25-Mar-2021 (01:38:21.644382): Can't create 'stock_stats'. Table exist.
Time: 25-Mar-2021 (01:38:21.644488): Can't create 'stock_price_history'. Table exist.
Time: 25-Mar-2021 (01:38:21.644581): Can't create 'stock_research'. Table exist.
Time: 25-Mar-2021 (01:38:21.644684): Can't create 'all_stocks'. Table exist.
Time: 25-Mar-2021 (01:42:22.613626): Can't create 'stock_description'. Table exist.
Time: 25-Mar-2021 (01:42:22.613989): Can't create 'stock_stats'. Table exist.
Time: 25-Mar-2021 (01:42:22.614097): Can't create 'stock_price_history'. Table exist.
Time: 25-Mar-2021 (01:42:22.614207): Can't create 'stock_research'. Table exist.
Time: 25-Mar-2021 (01:42:22.614316): Can't create 'all_stocks'. Table exist.
Time: 25-Mar-2021 (02:11:14.784531): Can't create 'stock_description'. Table exist.
Time: 25-Mar-2021 (02:11:14.784705): Can't create 'stock_stats'. Table exist.
Time: 25-Mar-2021 (02:11:14.784829): Can't create 'stock_price_history'. Table exist.
Time: 25-Mar-2021 (02:11:14.784961): Can't create 'stock_research'. Table exist.
Time: 25-Mar-2021 (02:11:14.785087): Can't create 'all_stocks'. Table exist.
Time: 25-Mar-2021 (02:13:53.347530): Can't create 'stock_description'. Table exist.
Time: 25-Mar-2021 (02:13:53.347958): Can't create 'stock_stats'. Table exist.
Time: 25-Mar-2021 (02:13:53.348049): Can't create 'stock_price_history'. Table exist.
Time: 25-Mar-2021 (02:13:53.348142): Can't create 'stock_research'. Table exist.
Time: 25-Mar-2021 (02:13:53.348236): Can't create 'all_stocks'. Table exist.
Time: 25-Mar-2021 (02:17:03.395607): Can't create 'stock_description'. Table exist.
Time: 25-Mar-2021 (02:17:03.395789): Can't create 'stock_stats'. Table exist.
Time: 25-Mar-2021 (02:17:03.395922): Can't create 'stock_price_history'. Table exist.
Time: 25-Mar-2021 (02:17:03.396047): Can't create 'stock_research'. Table exist.
Time: 25-Mar-2021 (02:17:03.396181): Can't create 'all_stocks'. Table exist.
Time: 25-Mar-2021 (02:20:05.199533): Can't create 'stock_description'. Table exist.
Time: 25-Mar-2021 (02:20:05.199832): Can't create 'stock_stats'. Table exist.
Time: 25-Mar-2021 (02:20:05.199956): Can't create 'stock_price_history'. Table exist.
Time: 25-Mar-2021 (02:20:05.200073): Can't create 'stock_research'. Table exist.
Time: 25-Mar-2021 (02:20:05.200189): Can't create 'all_stocks'. Table exist.
Time: 25-Mar-2021 (02:22:23.148067): Can't create 'stock_description'. Table exist.
Time: 25-Mar-2021 (02:22:23.148361): Can't create 'stock_stats'. Table exist.
Time: 25-Mar-2021 (02:22:23.148480): Can't create 'stock_price_history'. Table exist.
Time: 25-Mar-2021 (02:22:23.148570): Can't create 'stock_research'. Table exist.
Time: 25-Mar-2021 (02:22:23.148658): Can't create 'all_stocks'. Table exist.
Time: 25-Mar-2021 (02:25:48.002665): Can't create 'stock_description'. Table exist.
Time: 25-Mar-2021 (02:25:48.002828): Can't create 'stock_stats'. Table exist.
Time: 25-Mar-2021 (02:25:48.002947): Can't create 'stock_price_history'. Table exist.
Time: 25-Mar-2021 (02:25:48.003088): Can't create 'stock_research'. Table exist.
Time: 25-Mar-2021 (02:25:48.003219): Can't create 'all_stocks'. Table exist.
