Time: 25-Mar-2021 (12:35:57.245057): Can't create 'stock_description'. Table exist.
Time: 25-Mar-2021 (12:35:57.245210): Can't create 'stock_stats'. Table exist.
Time: 25-Mar-2021 (12:35:57.245303): Can't create 'stock_price_history'. Table exist.
Time: 25-Mar-2021 (12:35:57.245389): Can't create 'stock_research'. Table exist.
Time: 25-Mar-2021 (12:35:57.245470): Can't create 'all_stocks'. Table exist.
Time: 25-Mar-2021 (12:39:55.816172): Can't create 'stock_description'. Table exist.
Time: 25-Mar-2021 (12:39:55.816343): Can't create 'stock_stats'. Table exist.
Time: 25-Mar-2021 (12:39:55.816471): Can't create 'stock_price_history'. Table exist.
Time: 25-Mar-2021 (12:39:55.816601): Can't create 'stock_research'. Table exist.
Time: 25-Mar-2021 (12:39:55.816728): Can't create 'all_stocks'. Table exist.
Time: 25-Mar-2021 (12:42:10.132799): Can't create 'stock_description'. Table exist.
Time: 25-Mar-2021 (12:42:10.133322): Can't create 'stock_stats'. Table exist.
Time: 25-Mar-2021 (12:42:10.133432): Can't create 'stock_price_history'. Table exist.
Time: 25-Mar-2021 (12:42:10.133534): Can't create 'stock_research'. Table exist.
Time: 25-Mar-2021 (12:42:10.133636): Can't create 'all_stocks'. Table exist.
Time: 25-Mar-2021 (12:44:36.935319): Can't create 'stock_description'. Table exist.
Time: 25-Mar-2021 (12:44:36.935704): Can't create 'stock_stats'. Table exist.
Time: 25-Mar-2021 (12:44:36.935797): Can't create 'stock_price_history'. Table exist.
Time: 25-Mar-2021 (12:44:36.935891): Can't create 'stock_research'. Table exist.
Time: 25-Mar-2021 (12:44:36.935992): Can't create 'all_stocks'. Table exist.
Time: 25-Mar-2021 (12:48:48.259225): Can't create 'stock_description'. Table exist.
Time: 25-Mar-2021 (12:48:48.259394): Can't create 'stock_stats'. Table exist.
Time: 25-Mar-2021 (12:48:48.259495): Can't create 'stock_price_history'. Table exist.
Time: 25-Mar-2021 (12:48:48.259595): Can't create 'stock_research'. Table exist.
Time: 25-Mar-2021 (12:48:48.259698): Can't create 'all_stocks'. Table exist.
Time: 25-Mar-2021 (12:59:44.785544): Can't create 'stock_description'. Table exist.
Time: 25-Mar-2021 (12:59:44.785872): Can't create 'stock_stats'. Table exist.
Time: 25-Mar-2021 (12:59:44.785971): Can't create 'stock_price_history'. Table exist.
Time: 25-Mar-2021 (12:59:44.786062): Can't create 'stock_research'. Table exist.
Time: 25-Mar-2021 (12:59:44.786152): Can't create 'all_stocks'. Table exist.
