Time: 13-Mar-2021 (16:12:10.761299): Can get stats of https://www.etoro.com/markets/1044.HK/stats
Time: 13-Mar-2021 (18:55:25.721358): Can get stats of https://www.etoro.com/markets/AMZN/stats
Time: 13-Mar-2021 (20:38:20.857310): Can get stats of https://www.etoro.com/markets/3968.HK/stats
Time: 13-Mar-2021 (20:38:30.955775): Can get stats of https://www.etoro.com/markets/3988.HK/stats
Time: 13-Mar-2021 (20:38:40.943378): Can get stats of https://www.etoro.com/markets/6030.HK/stats
Time: 13-Mar-2021 (20:38:50.948333): Can get stats of https://www.etoro.com/markets/6055.HK/stats
Time: 13-Mar-2021 (20:39:00.985803): Can get stats of https://www.etoro.com/markets/6185.HK/stats
Time: 13-Mar-2021 (20:39:11.061932): Can get stats of https://www.etoro.com/markets/669.HK/stats
Time: 13-Mar-2021 (20:39:20.963358): Can get stats of https://www.etoro.com/markets/778.HK/stats
Time: 13-Mar-2021 (20:39:30.945616): Can get stats of https://www.etoro.com/markets/823.HK/stats
Time: 13-Mar-2021 (20:39:40.981689): Can get stats of https://www.etoro.com/markets/83.HK/stats
Time: 13-Mar-2021 (20:39:51.290606): Can get stats of https://www.etoro.com/markets/9618.HK/stats
Time: 13-Mar-2021 (20:40:01.321029): Can get stats of https://www.etoro.com/markets/9926.HK/stats
Time: 13-Mar-2021 (20:40:11.359916): Can get stats of https://www.etoro.com/markets/9988.HK/stats
Time: 13-Mar-2021 (20:40:21.618256): Can get stats of https://www.etoro.com/markets/XI/stats
Time: 13-Mar-2021 (20:40:31.584289): Can get stats of https://www.etoro.com/markets/BCP/stats
Time: 13-Mar-2021 (20:40:41.607381): Can get stats of https://www.etoro.com/markets/EDP.LSB/stats
Time: 13-Mar-2021 (20:40:51.629612): Can get stats of https://www.etoro.com/markets/JMT.LSB/stats
Time: 13-Mar-2021 (20:41:01.708112): Can get stats of https://www.etoro.com/markets/3IN.L/stats
Time: 13-Mar-2021 (20:41:11.745117): Can get stats of https://www.etoro.com/markets/888.L/stats
Time: 13-Mar-2021 (20:41:21.964203): Can get stats of https://www.etoro.com/markets/AAL.L/stats
Time: 13-Mar-2021 (20:41:32.015624): Can get stats of https://www.etoro.com/markets/ABF.L/stats
Time: 13-Mar-2021 (20:41:41.998754): Can get stats of https://www.etoro.com/markets/ADM.L/stats
Time: 13-Mar-2021 (20:41:52.006718): Can get stats of https://www.etoro.com/markets/AGK.L/stats
Time: 13-Mar-2021 (20:42:02.028669): Can get stats of https://www.etoro.com/markets/AGR.L/stats
Time: 13-Mar-2021 (20:42:12.063164): Can get stats of https://www.etoro.com/markets/AHT.L/stats
Time: 13-Mar-2021 (20:42:22.085779): Can get stats of https://www.etoro.com/markets/AML.L/stats
Time: 13-Mar-2021 (20:42:32.104150): Can get stats of https://www.etoro.com/markets/ANTO.L/stats
Time: 13-Mar-2021 (20:42:42.086212): Can get stats of https://www.etoro.com/markets/ASC.L/stats
Time: 13-Mar-2021 (20:42:52.042724): Can get stats of https://www.etoro.com/markets/ASCL.L/stats
Time: 13-Mar-2021 (20:43:02.101448): Can get stats of https://www.etoro.com/markets/ASHM.L/stats
Time: 13-Mar-2021 (20:43:12.149098): Can get stats of https://www.etoro.com/markets/ATADL.L/stats
Time: 13-Mar-2021 (20:43:22.256704): Can get stats of https://www.etoro.com/markets/ATST.L/stats
Time: 13-Mar-2021 (20:43:32.201580): Can get stats of https://www.etoro.com/markets/AUTO.L/stats
Time: 13-Mar-2021 (20:43:42.233350): Can get stats of https://www.etoro.com/markets/AV.L/stats
Time: 13-Mar-2021 (20:43:52.249092): Can get stats of https://www.etoro.com/markets/AVST.L/stats
Time: 13-Mar-2021 (20:44:02.272238): Can get stats of https://www.etoro.com/markets/AVV.L/stats
Time: 13-Mar-2021 (20:44:12.395499): Can get stats of https://www.etoro.com/markets/AZN.L/stats
Time: 13-Mar-2021 (20:44:22.380393): Can get stats of https://www.etoro.com/markets/BAB.L/stats
Time: 13-Mar-2021 (20:44:32.488119): Can get stats of https://www.etoro.com/markets/BAG.L/stats
Time: 13-Mar-2021 (20:44:42.518154): Can get stats of https://www.etoro.com/markets/BAKK.L/stats
Time: 13-Mar-2021 (20:44:52.482586): Can get stats of https://www.etoro.com/markets/BARC.L/stats
Time: 13-Mar-2021 (20:45:02.608822): Can get stats of https://www.etoro.com/markets/BATS.L/stats
Time: 13-Mar-2021 (20:45:12.648584): Can get stats of https://www.etoro.com/markets/BBOX.L/stats
Time: 13-Mar-2021 (20:45:22.774901): Can get stats of https://www.etoro.com/markets/BBY.L/stats
Time: 13-Mar-2021 (20:45:32.796943): Can get stats of https://www.etoro.com/markets/BCPT.L/stats
Time: 13-Mar-2021 (20:45:42.904295): Can get stats of https://www.etoro.com/markets/BDEV.L/stats
Time: 13-Mar-2021 (20:45:52.916224): Can get stats of https://www.etoro.com/markets/BEZ.L/stats
Time: 13-Mar-2021 (20:46:02.882315): Can get stats of https://www.etoro.com/markets/BGEO.L/stats
Time: 13-Mar-2021 (20:46:12.846996): Can get stats of https://www.etoro.com/markets/BHP.L/stats
Time: 13-Mar-2021 (20:46:22.825298): Can get stats of https://www.etoro.com/markets/BKG.L/stats
Time: 13-Mar-2021 (20:46:32.823402): Can get stats of https://www.etoro.com/markets/BLND.L/stats
Time: 13-Mar-2021 (20:46:43.212422): Can get stats of https://www.etoro.com/markets/BME.L/stats
Time: 13-Mar-2021 (20:46:53.228080): Can get stats of https://www.etoro.com/markets/BNZL.L/stats
Time: 13-Mar-2021 (20:47:03.349588): Can get stats of https://www.etoro.com/markets/BOY.L/stats
Time: 13-Mar-2021 (20:47:13.365322): Can get stats of https://www.etoro.com/markets/BP.L/stats
Time: 13-Mar-2021 (20:47:23.512339): Can get stats of https://www.etoro.com/markets/BRBY.L/stats
Time: 13-Mar-2021 (20:47:33.547104): Can get stats of https://www.etoro.com/markets/BRW.L/stats
Time: 13-Mar-2021 (20:47:43.521711): Can get stats of https://www.etoro.com/markets/BT.L/stats
Time: 13-Mar-2021 (20:47:53.513280): Can get stats of https://www.etoro.com/markets/BVIC.L/stats
Time: 13-Mar-2021 (20:48:03.479121): Can get stats of https://www.etoro.com/markets/BWNG.L/stats
Time: 13-Mar-2021 (20:48:13.632533): Can get stats of https://www.etoro.com/markets/BWY.L/stats
Time: 13-Mar-2021 (20:48:23.684792): Can get stats of https://www.etoro.com/markets/BYG.L/stats
Time: 13-Mar-2021 (20:48:33.766621): Can get stats of https://www.etoro.com/markets/CAPC.L/stats
Time: 13-Mar-2021 (20:48:43.861536): Can get stats of https://www.etoro.com/markets/CARD.L/stats
Time: 13-Mar-2021 (20:48:53.806487): Can get stats of https://www.etoro.com/markets/CBG.L/stats
Time: 13-Mar-2021 (20:49:03.967371): Can get stats of https://www.etoro.com/markets/CCC.L/stats
Time: 13-Mar-2021 (20:49:14.015785): Can get stats of https://www.etoro.com/markets/CCH.L/stats
Time: 13-Mar-2021 (20:49:24.026018): Can get stats of https://www.etoro.com/markets/CCL.L/stats
Time: 13-Mar-2021 (20:49:34.039254): Can get stats of https://www.etoro.com/markets/CEY.L/stats
Time: 13-Mar-2021 (20:49:44.105554): Can get stats of https://www.etoro.com/markets/CINE.L/stats
Time: 13-Mar-2021 (20:49:54.083684): Can get stats of https://www.etoro.com/markets/CKN.L/stats
Time: 13-Mar-2021 (20:50:04.083879): Can get stats of https://www.etoro.com/markets/CMCX/stats
Time: 13-Mar-2021 (20:50:14.205586): Can get stats of https://www.etoro.com/markets/CNA.L/stats
Time: 13-Mar-2021 (20:50:24.210030): Can get stats of https://www.etoro.com/markets/CNE.L/stats
Time: 13-Mar-2021 (20:50:34.319877): Can get stats of https://www.etoro.com/markets/COA.L/stats
Time: 13-Mar-2021 (20:50:44.328530): Can get stats of https://www.etoro.com/markets/CPG.L/stats
Time: 13-Mar-2021 (20:50:54.436982): Can get stats of https://www.etoro.com/markets/CPI.L/stats
Time: 13-Mar-2021 (20:51:04.399162): Can get stats of https://www.etoro.com/markets/CRDA.L/stats
Time: 13-Mar-2021 (20:51:14.369332): Can get stats of https://www.etoro.com/markets/CRST.L/stats
Time: 13-Mar-2021 (20:51:24.395983): Can get stats of https://www.etoro.com/markets/CSP.L/stats
Time: 13-Mar-2021 (20:51:34.405133): Can get stats of https://www.etoro.com/markets/CTEC.L/stats
Time: 13-Mar-2021 (20:51:44.453602): Can get stats of https://www.etoro.com/markets/CTY.L/stats
Time: 13-Mar-2021 (20:51:54.461256): Can get stats of https://www.etoro.com/markets/CWK.L/stats
Time: 13-Mar-2021 (20:52:04.465621): Can get stats of https://www.etoro.com/markets/DC.L/stats
Time: 13-Mar-2021 (20:52:14.628190): Can get stats of https://www.etoro.com/markets/DCC.L/stats
Time: 13-Mar-2021 (20:52:24.652695): Can get stats of https://www.etoro.com/markets/DGE.L/stats
Time: 13-Mar-2021 (20:52:34.668021): Can get stats of https://www.etoro.com/markets/DGN.L/stats
Time: 13-Mar-2021 (20:52:44.670360): Can get stats of https://www.etoro.com/markets/DLG.L/stats
Time: 13-Mar-2021 (20:52:54.669210): Can get stats of https://www.etoro.com/markets/DLN.L/stats
Time: 13-Mar-2021 (20:53:04.662920): Can get stats of https://www.etoro.com/markets/DMGT.L/stats
Time: 13-Mar-2021 (20:53:14.703889): Can get stats of https://www.etoro.com/markets/DNLM.L/stats
Time: 13-Mar-2021 (20:53:24.769920): Can get stats of https://www.etoro.com/markets/DOM.L/stats
Time: 13-Mar-2021 (20:53:34.831578): Can get stats of https://www.etoro.com/markets/DPH.L/stats
Time: 13-Mar-2021 (20:53:44.823384): Can get stats of https://www.etoro.com/markets/DPLM.L/stats
Time: 13-Mar-2021 (21:57:25.043560): Can get stats of https://www.etoro.com/markets/AZPN/stats
Time: 13-Mar-2021 (21:57:35.060921): Can get stats of https://www.etoro.com/markets/BBBY/stats
Time: 13-Mar-2021 (21:57:45.030215): Can get stats of https://www.etoro.com/markets/BCRX/stats
Time: 13-Mar-2021 (21:57:54.986447): Can get stats of https://www.etoro.com/markets/BIDU/stats
Time: 13-Mar-2021 (21:58:05.246773): Can get stats of https://www.etoro.com/markets/BIIB/stats
Time: 13-Mar-2021 (21:58:15.251174): Can get stats of https://www.etoro.com/markets/BILI/stats
Time: 13-Mar-2021 (21:58:26.693770): Can get stats of https://www.etoro.com/markets/BKNG/stats
Time: 13-Mar-2021 (21:58:36.706924): Can get stats of https://www.etoro.com/markets/BKYI/stats
Time: 13-Mar-2021 (21:58:46.638013): Can get stats of https://www.etoro.com/markets/BLDP/stats
Time: 13-Mar-2021 (21:58:56.662418): Can get stats of https://www.etoro.com/markets/BLDR/stats
Time: 13-Mar-2021 (21:59:06.661549): Can get stats of https://www.etoro.com/markets/BLFS/stats
Time: 13-Mar-2021 (21:59:16.663694): Can get stats of https://www.etoro.com/markets/BLMN/stats
Time: 13-Mar-2021 (21:59:26.652895): Can get stats of https://www.etoro.com/markets/BLNK/stats
Time: 13-Mar-2021 (21:59:36.617790): Can get stats of https://www.etoro.com/markets/BLUE/stats
Time: 13-Mar-2021 (21:59:46.561715): Can get stats of https://www.etoro.com/markets/BMBL/stats
Time: 13-Mar-2021 (21:59:56.582956): Can get stats of https://www.etoro.com/markets/BMRN/stats
Time: 13-Mar-2021 (22:00:06.558573): Can get stats of https://www.etoro.com/markets/BNGO/stats
Time: 13-Mar-2021 (22:00:16.582911): Can get stats of https://www.etoro.com/markets/BNTX/stats
Time: 13-Mar-2021 (22:00:27.136285): Can get stats of https://www.etoro.com/markets/BOXL/stats
Time: 13-Mar-2021 (22:00:37.109052): Can get stats of https://www.etoro.com/markets/BPMC/stats
Time: 13-Mar-2021 (22:00:47.136902): Can get stats of https://www.etoro.com/markets/BPY/stats
Time: 13-Mar-2021 (22:00:57.110239): Can get stats of https://www.etoro.com/markets/BRKR/stats
Time: 13-Mar-2021 (22:01:07.082956): Can get stats of https://www.etoro.com/markets/BYND/stats
Time: 13-Mar-2021 (22:01:17.166570): Can get stats of https://www.etoro.com/markets/BZUN/stats
Time: 13-Mar-2021 (22:01:27.322013): Can get stats of https://www.etoro.com/markets/CACC/stats
Time: 13-Mar-2021 (22:01:37.320678): Can get stats of https://www.etoro.com/markets/CAMP/stats
Time: 13-Mar-2021 (22:01:47.340680): Can get stats of https://www.etoro.com/markets/CAN/stats
Time: 13-Mar-2021 (22:01:57.301495): Can get stats of https://www.etoro.com/markets/CAR/stats
Time: 13-Mar-2021 (22:02:07.255050): Can get stats of https://www.etoro.com/markets/CARA/stats
Time: 13-Mar-2021 (22:02:17.290316): Can get stats of https://www.etoro.com/markets/CASY/stats
Time: 13-Mar-2021 (22:02:27.915920): Can get stats of https://www.etoro.com/markets/CBPO/stats
Time: 13-Mar-2021 (22:02:38.012853): Can get stats of https://www.etoro.com/markets/CBRL/stats
Time: 13-Mar-2021 (22:02:48.072015): Can get stats of https://www.etoro.com/markets/CDEV/stats
Time: 13-Mar-2021 (22:02:58.055849): Can get stats of https://www.etoro.com/markets/CDNS/stats
Time: 13-Mar-2021 (22:03:08.090981): Can get stats of https://www.etoro.com/markets/CDW/stats
Time: 13-Mar-2021 (22:03:18.173952): Can get stats of https://www.etoro.com/markets/CEMI/stats
Time: 13-Mar-2021 (22:03:28.207518): Can get stats of https://www.etoro.com/markets/CERN/stats
Time: 13-Mar-2021 (22:03:38.247794): Can get stats of https://www.etoro.com/markets/CERS/stats
Time: 13-Mar-2021 (22:03:48.347226): Can get stats of https://www.etoro.com/markets/CEVA/stats
Time: 13-Mar-2021 (22:03:58.298564): Can get stats of https://www.etoro.com/markets/CHDN/stats
Time: 13-Mar-2021 (22:04:08.298504): Can get stats of https://www.etoro.com/markets/CHFS/stats
Time: 13-Mar-2021 (22:04:18.313321): Can get stats of https://www.etoro.com/markets/CHKP/stats
Time: 13-Mar-2021 (22:04:29.127196): Can get stats of https://www.etoro.com/markets/CHRS/stats
Time: 13-Mar-2021 (22:04:40.262949): Can get stats of https://www.etoro.com/markets/CHRW/stats
Time: 13-Mar-2021 (22:04:50.315570): Can get stats of https://www.etoro.com/markets/CHTR/stats
Time: 13-Mar-2021 (22:05:00.296553): Can get stats of https://www.etoro.com/markets/CINF/stats
Time: 13-Mar-2021 (22:05:10.341173): Can get stats of https://www.etoro.com/markets/CLDX/stats
Time: 13-Mar-2021 (22:05:20.319116): Can get stats of https://www.etoro.com/markets/CLLS/stats
Time: 13-Mar-2021 (22:05:30.338703): Can get stats of https://www.etoro.com/markets/CLMT/stats
Time: 13-Mar-2021 (22:05:40.363560): Can get stats of https://www.etoro.com/markets/CLSK/stats
Time: 13-Mar-2021 (22:05:50.433567): Can get stats of https://www.etoro.com/markets/CMCSA/stats
Time: 13-Mar-2021 (22:06:00.488890): Can get stats of https://www.etoro.com/markets/CME/stats
Time: 13-Mar-2021 (22:06:31.002802): Can get stats of https://www.etoro.com/markets/CODX/stats
Time: 13-Mar-2021 (22:06:41.042138): Can get stats of https://www.etoro.com/markets/COMM/stats
Time: 13-Mar-2021 (22:06:51.068180): Can get stats of https://www.etoro.com/markets/COOP/stats
Time: 13-Mar-2021 (22:07:01.166484): Can get stats of https://www.etoro.com/markets/CORE/stats
Time: 13-Mar-2021 (22:07:11.111272): Can get stats of https://www.etoro.com/markets/COST/stats
Time: 13-Mar-2021 (22:07:21.124873): Can get stats of https://www.etoro.com/markets/COUP/stats
Time: 13-Mar-2021 (22:07:31.106915): Can get stats of https://www.etoro.com/markets/CPRT/stats
Time: 13-Mar-2021 (22:07:41.131622): Can get stats of https://www.etoro.com/markets/CPRX/stats
Time: 13-Mar-2021 (22:07:51.136129): Can get stats of https://www.etoro.com/markets/CRBP/stats
Time: 13-Mar-2021 (22:08:01.190877): Can get stats of https://www.etoro.com/markets/CREE/stats
Time: 13-Mar-2021 (22:08:11.393099): Can get stats of https://www.etoro.com/markets/CRON/stats
Time: 13-Mar-2021 (22:08:21.427378): Can get stats of https://www.etoro.com/markets/CROX/stats
Time: 13-Mar-2021 (22:09:36.207036): Can get stats of https://www.etoro.com/markets/CSIQ/stats
Time: 13-Mar-2021 (22:55:06.911758): Can get stats of https://www.etoro.com/markets/SBUX/stats
Time: 13-Mar-2021 (22:55:28.577749): Can get stats of https://www.etoro.com/markets/SEIC/stats
Time: 13-Mar-2021 (22:55:39.529360): Can get stats of https://www.etoro.com/markets/SFIX/stats
Time: 13-Mar-2021 (22:55:49.406310): Can get stats of https://www.etoro.com/markets/SFM/stats
Time: 13-Mar-2021 (22:55:59.590601): Can get stats of https://www.etoro.com/markets/SFT/stats
Time: 13-Mar-2021 (22:56:09.702118): Can get stats of https://www.etoro.com/markets/SGEN/stats
Time: 13-Mar-2021 (22:56:19.793071): Can get stats of https://www.etoro.com/markets/SGMO/stats
Time: 13-Mar-2021 (22:56:29.935399): Can get stats of https://www.etoro.com/markets/SHIP/stats
Time: 13-Mar-2021 (22:56:40.869300): Can get stats of https://www.etoro.com/markets/SINA/stats
Time: 13-Mar-2021 (22:56:51.875996): Can get stats of https://www.etoro.com/markets/SINT/stats
Time: 13-Mar-2021 (22:57:03.193694): Can get stats of https://www.etoro.com/markets/SIRI/stats
Time: 13-Mar-2021 (22:57:14.542113): Can get stats of https://www.etoro.com/markets/SIVB/stats
Time: 13-Mar-2021 (22:57:27.143419): Can get stats of https://www.etoro.com/markets/SLAB/stats
Time: 14-Mar-2021 (01:17:22.058822): Can get stats of https://www.etoro.com/markets/UDR/stats
