Time: 18-Mar-2021 (17:26:18.471278): Stock: NNDM		 sell price: 10.88		 buy price: 10.91/15
Time: 18-Mar-2021 (17:26:18.471530): Buying NNDM================
Time: 18-Mar-2021 (17:26:40.620335): Trade button clicked...
Time: 18-Mar-2021 (17:28:59.076642): Stock: NNDM		 sell price: 10.92		 buy price: 10.95/15
Time: 18-Mar-2021 (17:28:59.079657): Buying NNDM================
Time: 18-Mar-2021 (17:29:21.708547): Trade button clicked...
Time: 18-Mar-2021 (17:33:01.857518): Stock: NNDM		 sell price: 11.02		 buy price: 11.05/15
Time: 18-Mar-2021 (17:33:01.860451): Buying NNDM================
Time: 18-Mar-2021 (17:33:23.830268): Trade button clicked...
Time: 18-Mar-2021 (17:33:23.933383): Price set...
Time: 18-Mar-2021 (17:35:49.154445): Stock: NNDM		 sell price: 10.99		 buy price: 11.02/15
Time: 18-Mar-2021 (17:35:49.154780): Buying NNDM================
Time: 18-Mar-2021 (17:36:11.052211): Trade button clicked...
Time: 18-Mar-2021 (17:36:11.146937): Price set...
Time: 18-Mar-2021 (17:49:12.874911): Stock: NNDM		 sell price: 10.89		 buy price: 10.92/15
Time: 18-Mar-2021 (17:49:12.875328): Buying NNDM================
Time: 18-Mar-2021 (17:49:34.912486): Trade button clicked...
Time: 18-Mar-2021 (17:49:35.018319): Price set...
Time: 18-Mar-2021 (17:53:50.694025): Stock: NNDM		 sell price: 10.84		 buy price: 10.87/15
Time: 18-Mar-2021 (17:53:50.696946): Buying NNDM================
Time: 18-Mar-2021 (17:54:12.662791): Trade button clicked...
Time: 18-Mar-2021 (17:54:12.784141): Price set...
Time: 18-Mar-2021 (17:54:22.548708): Clicking on Open Trade button
Time: 18-Mar-2021 (17:54:27.898747): Clicking on Open Trade button
Time: 18-Mar-2021 (18:03:35.795939): Stock: NNDM		 sell price: 10.84		 buy price: 10.87/15
Time: 18-Mar-2021 (18:03:35.798857): Buying NNDM================
Time: 18-Mar-2021 (18:03:57.725259): Trade button clicked...
Time: 18-Mar-2021 (18:03:57.836033): Price set...
Time: 18-Mar-2021 (18:04:07.631732): Clicking on Open Trade button
Time: 18-Mar-2021 (18:04:12.940046): Clicking on Open Trade button
Time: 18-Mar-2021 (18:07:05.410793): Stock: NNDM		 sell price: 10.84		 buy price: 10.88/15
Time: 18-Mar-2021 (18:07:05.413600): Buying NNDM================
Time: 18-Mar-2021 (18:07:28.258445): Trade button clicked...
Time: 18-Mar-2021 (18:14:59.187652): Stock: NNDM		 sell price: 10.87		 buy price: 10.90/15
Time: 18-Mar-2021 (18:14:59.190649): Buying NNDM================
Time: 18-Mar-2021 (18:15:21.175107): Trade button clicked...
Time: 18-Mar-2021 (18:15:21.271578): Price set...
Time: 18-Mar-2021 (18:15:31.021590): Clicking on Open Trade button
Time: 18-Mar-2021 (18:15:36.362931): Clicking on Open Trade button
Time: 18-Mar-2021 (18:26:53.408185): Stock: NNDM		 sell price: 10.74/9		 buy price: 10.77
Time: 18-Mar-2021 (18:26:53.411190): ==============
Time: 18-Mar-2021 (18:26:58.429749): Stock: NNDM		 sell price: 10.75/9		 buy price: 10.78
Time: 18-Mar-2021 (18:26:58.429938): ==============
Time: 18-Mar-2021 (18:27:03.438801): Stock: NNDM		 sell price: 10.76/9		 buy price: 10.79
Time: 18-Mar-2021 (18:27:03.441244): ==============
Time: 18-Mar-2021 (18:31:23.580369): Stock: NNDM		 sell price: 10.76/9		 buy price: 10.79
Time: 18-Mar-2021 (18:31:23.583326): ==============
Time: 18-Mar-2021 (18:31:28.712528): Stock: NNDM		 sell price: 10.75/9		 buy price: 10.78
Time: 18-Mar-2021 (18:31:28.712720): ==============
Time: 18-Mar-2021 (18:31:33.863742): Stock: NNDM		 sell price: 10.75/9		 buy price: 10.78
Time: 18-Mar-2021 (18:31:33.864120): ==============
Time: 18-Mar-2021 (18:31:39.025972): Stock: NNDM		 sell price: 10.73/9		 buy price: 10.76
Time: 18-Mar-2021 (18:31:39.026126): ==============
Time: 18-Mar-2021 (18:31:44.174683): Stock: NNDM		 sell price: 10.74/9		 buy price: 10.77
Time: 18-Mar-2021 (18:31:44.174818): ==============
Time: 18-Mar-2021 (18:31:49.328961): Stock: NNDM		 sell price: 10.75/9		 buy price: 10.78
Time: 18-Mar-2021 (18:31:49.331918): ==============
Time: 18-Mar-2021 (18:31:55.125452): Stock: NNDM		 sell price: 10.75/9		 buy price: 10.78
Time: 18-Mar-2021 (18:31:55.125594): ==============
Time: 18-Mar-2021 (18:32:01.241084): Stock: NNDM		 sell price: 10.75/9		 buy price: 10.78
Time: 18-Mar-2021 (18:32:01.241276): ==============
Time: 18-Mar-2021 (18:32:06.482691): Stock: NNDM		 sell price: 10.74/9		 buy price: 10.77
Time: 18-Mar-2021 (18:32:06.482834): ==============
Time: 18-Mar-2021 (18:32:11.672106): Stock: NNDM		 sell price: 10.73/9		 buy price: 10.76
Time: 18-Mar-2021 (18:32:11.672243): ==============
Time: 18-Mar-2021 (18:32:16.794441): Stock: NNDM		 sell price: 10.73/9		 buy price: 10.76
Time: 18-Mar-2021 (18:32:16.794624): ==============
Time: 18-Mar-2021 (18:32:22.149822): Stock: NNDM		 sell price: 10.73/9		 buy price: 10.76
Time: 18-Mar-2021 (18:32:22.150001): ==============
Time: 18-Mar-2021 (18:32:27.284460): Stock: NNDM		 sell price: 10.72/9		 buy price: 10.75
Time: 18-Mar-2021 (18:32:27.284670): ==============
Time: 18-Mar-2021 (18:32:32.366567): Stock: NNDM		 sell price: 10.72/9		 buy price: 10.75
Time: 18-Mar-2021 (18:32:32.366706): ==============
Time: 18-Mar-2021 (18:32:37.583268): Stock: NNDM		 sell price: 10.72/9		 buy price: 10.75
Time: 18-Mar-2021 (18:32:37.586281): ==============
Time: 18-Mar-2021 (18:32:43.079090): Stock: NNDM		 sell price: 10.72/9		 buy price: 10.75
Time: 18-Mar-2021 (18:32:43.079230): ==============
Time: 18-Mar-2021 (18:32:48.511932): Stock: NNDM		 sell price: 10.72/9		 buy price: 10.75
Time: 18-Mar-2021 (18:32:48.514836): ==============
Time: 18-Mar-2021 (18:32:53.868777): Stock: NNDM		 sell price: 10.72/9		 buy price: 10.75
Time: 18-Mar-2021 (18:32:53.868916): ==============
Time: 18-Mar-2021 (18:32:58.988837): Stock: NNDM		 sell price: 10.72/9		 buy price: 10.75
Time: 18-Mar-2021 (18:32:58.989110): ==============
Time: 18-Mar-2021 (18:33:04.080567): Stock: NNDM		 sell price: 10.72/9		 buy price: 10.75
Time: 18-Mar-2021 (18:33:04.080785): ==============
Time: 18-Mar-2021 (18:33:09.226780): Stock: NNDM		 sell price: 10.72/9		 buy price: 10.75
Time: 18-Mar-2021 (18:33:09.226947): ==============
Time: 18-Mar-2021 (18:33:14.451672): Stock: NNDM		 sell price: 10.72/9		 buy price: 10.75
Time: 18-Mar-2021 (18:33:14.451830): ==============
Time: 18-Mar-2021 (18:33:19.741405): Stock: NNDM		 sell price: 10.72/9		 buy price: 10.75
Time: 18-Mar-2021 (18:33:19.741601): ==============
Time: 18-Mar-2021 (18:33:24.952135): Stock: NNDM		 sell price: 10.71/9		 buy price: 10.74
Time: 18-Mar-2021 (18:33:24.952289): ==============
Time: 18-Mar-2021 (18:33:30.077427): Stock: NNDM		 sell price: 10.71/9		 buy price: 10.74
Time: 18-Mar-2021 (18:33:30.077607): ==============
Time: 18-Mar-2021 (18:33:35.141068): Stock: NNDM		 sell price: 10.72/9		 buy price: 10.75
Time: 18-Mar-2021 (18:33:35.141263): ==============
Time: 18-Mar-2021 (18:33:40.283285): Stock: NNDM		 sell price: 10.73/9		 buy price: 10.76
Time: 18-Mar-2021 (18:33:40.283436): ==============
Time: 18-Mar-2021 (18:33:45.401852): Stock: NNDM		 sell price: 10.73/9		 buy price: 10.76
Time: 18-Mar-2021 (18:33:45.401987): ==============
Time: 18-Mar-2021 (18:33:50.550059): Stock: NNDM		 sell price: 10.73/9		 buy price: 10.76
Time: 18-Mar-2021 (18:33:50.550241): ==============
Time: 18-Mar-2021 (18:33:56.060223): Stock: NNDM		 sell price: 10.72/9		 buy price: 10.75
Time: 18-Mar-2021 (18:33:56.060374): ==============
Time: 18-Mar-2021 (18:38:35.182318): Stock: NNDM		 sell price: 10.70/9		 buy price: 10.73
Time: 18-Mar-2021 (18:38:35.185130): ==============
Time: 18-Mar-2021 (18:38:40.308168): Stock: NNDM		 sell price: 10.70/9		 buy price: 10.73
Time: 18-Mar-2021 (18:38:40.308304): ==============
Time: 18-Mar-2021 (18:38:45.463974): Stock: NNDM		 sell price: 10.69/9		 buy price: 10.72
Time: 18-Mar-2021 (18:38:45.464100): ==============
Time: 18-Mar-2021 (18:38:50.996009): Stock: NNDM		 sell price: 10.69/9		 buy price: 10.72
Time: 18-Mar-2021 (18:38:50.996137): ==============
Time: 18-Mar-2021 (18:38:56.978571): Stock: NNDM		 sell price: 10.69/9		 buy price: 10.72
Time: 18-Mar-2021 (18:38:56.979046): ==============
Time: 18-Mar-2021 (18:39:04.918121): Stock: NNDM		 sell price: 10.70/9		 buy price: 10.73
Time: 18-Mar-2021 (18:39:04.918551): ==============
Time: 18-Mar-2021 (18:39:12.873263): Stock: NNDM		 sell price: 10.72/9		 buy price: 10.75
Time: 18-Mar-2021 (18:39:12.876228): ==============
Time: 18-Mar-2021 (18:39:18.801186): Stock: NNDM		 sell price: 10.72/9		 buy price: 10.75
Time: 18-Mar-2021 (18:39:18.802128): ==============
Time: 18-Mar-2021 (18:39:24.223354): Stock: NNDM		 sell price: 10.72/9		 buy price: 10.75
Time: 18-Mar-2021 (18:39:24.223498): ==============
Time: 18-Mar-2021 (18:39:29.571686): Stock: NNDM		 sell price: 10.73/9		 buy price: 10.76
Time: 18-Mar-2021 (18:39:29.571829): ==============
Time: 18-Mar-2021 (18:39:34.795306): Stock: NNDM		 sell price: 10.74/9		 buy price: 10.77
Time: 18-Mar-2021 (18:39:34.795474): ==============
Time: 18-Mar-2021 (18:39:39.898146): Stock: NNDM		 sell price: 10.74/9		 buy price: 10.77
Time: 18-Mar-2021 (18:39:39.898301): ==============
Time: 18-Mar-2021 (18:39:45.193865): Stock: NNDM		 sell price: 10.74/9		 buy price: 10.77
Time: 18-Mar-2021 (18:39:45.194005): ==============
Time: 18-Mar-2021 (18:39:50.904885): Stock: NNDM		 sell price: 10.73/9		 buy price: 10.76
Time: 18-Mar-2021 (18:39:50.905032): ==============
Time: 18-Mar-2021 (18:39:56.068507): Stock: NNDM		 sell price: 10.73/9		 buy price: 10.76
Time: 18-Mar-2021 (18:39:56.071194): ==============
Time: 18-Mar-2021 (18:40:01.878973): Stock: NNDM		 sell price: 10.73/9		 buy price: 10.76
Time: 18-Mar-2021 (18:40:01.879185): ==============
Time: 18-Mar-2021 (18:40:07.103943): Stock: NNDM		 sell price: 10.73/9		 buy price: 10.76
Time: 18-Mar-2021 (18:40:07.104147): ==============
Time: 18-Mar-2021 (18:40:12.275612): Stock: NNDM		 sell price: 10.73/9		 buy price: 10.76
Time: 18-Mar-2021 (18:40:12.275763): ==============
Time: 18-Mar-2021 (18:40:17.637705): Stock: NNDM		 sell price: 10.72/9		 buy price: 10.75
Time: 18-Mar-2021 (18:40:17.637862): ==============
Time: 18-Mar-2021 (18:40:22.862484): Stock: NNDM		 sell price: 10.72/9		 buy price: 10.75
Time: 18-Mar-2021 (18:40:22.862637): ==============
Time: 18-Mar-2021 (18:40:28.178139): Stock: NNDM		 sell price: 10.72/9		 buy price: 10.75
Time: 18-Mar-2021 (18:40:28.178276): ==============
Time: 18-Mar-2021 (18:54:45.097133): Stock: NNDM		 sell price: 10.61/9		 buy price: 10.65
Time: 18-Mar-2021 (18:54:45.100113): Selling NNDM==============
Time: 18-Mar-2021 (19:18:41.294967): Stock: NNDM		 sell price: 10.78/9		 buy price: 10.81
Time: 18-Mar-2021 (19:18:41.297855): Selling NNDM==============
Time: 18-Mar-2021 (19:26:39.769733): Stock: NNDM		 sell price: 10.79/9		 buy price: 10.83
Time: 18-Mar-2021 (19:26:39.772712): Selling NNDM==============
Time: 18-Mar-2021 (19:27:01.834888): stock button clicked...
Time: 18-Mar-2021 (19:27:07.168411): x button clicked
Time: 18-Mar-2021 (19:36:27.118459): Stock: NNDM		 sell price: 10.77/9		 buy price: 10.8
Time: 18-Mar-2021 (19:36:27.121870): Selling NNDM==============
Time: 18-Mar-2021 (19:36:49.760775): stock button clicked...
Time: 18-Mar-2021 (19:36:55.075030): x button clicked
Time: 18-Mar-2021 (19:48:19.020168): Stock: NNDM		 sell price: 10.72/9		 buy price: 10.75
Time: 18-Mar-2021 (19:48:19.023109): Selling NNDM==============
Time: 18-Mar-2021 (19:48:41.944465): stock button clicked...
Time: 18-Mar-2021 (19:48:47.306419): x button clicked
Time: 18-Mar-2021 (20:01:52.633405): Stock: NNDM		 sell price: 10.68/9		 buy price: 10.71
Time: 18-Mar-2021 (20:01:52.636386): Selling NNDM==============
Time: 18-Mar-2021 (20:02:14.580469): stock button clicked...
Time: 18-Mar-2021 (20:02:19.898660): x button clicked
Time: 18-Mar-2021 (20:12:02.453119): Stock: NNDM		 sell price: 10.59/9		 buy price: 10.62
Time: 18-Mar-2021 (20:12:02.455995): Selling NNDM==============
Time: 18-Mar-2021 (20:12:24.460577): stock button clicked...
Time: 18-Mar-2021 (20:12:29.811977): x button clicked
Time: 18-Mar-2021 (20:19:06.426242): Stock: NNDM		 sell price: 10.54/9		 buy price: 10.57
Time: 18-Mar-2021 (20:19:06.429223): Selling NNDM==============
Time: 18-Mar-2021 (20:19:28.516184): stock button clicked...
Time: 18-Mar-2021 (20:19:33.832841): x button clicked
Time: 18-Mar-2021 (20:19:39.163280): Close Trade button clicked
Time: 18-Mar-2021 (20:19:55.685963): ==============
Time: 18-Mar-2021 (20:20:00.707349): ==============
Time: 18-Mar-2021 (20:20:05.729569): ==============
Time: 18-Mar-2021 (20:20:10.802607): ==============
Time: 18-Mar-2021 (20:20:15.764870): ==============
Time: 18-Mar-2021 (20:20:20.765124): ==============
Time: 18-Mar-2021 (20:20:25.737874): ==============
Time: 18-Mar-2021 (20:20:30.761883): ==============
Time: 18-Mar-2021 (20:20:35.731296): ==============
Time: 18-Mar-2021 (20:20:40.748301): ==============
Time: 18-Mar-2021 (20:22:13.056475): Stock: NNDM		 sell price: 10.6		 buy price: 10.63/9
Time: 18-Mar-2021 (20:22:13.056694): ==============
Time: 18-Mar-2021 (20:22:18.313918): Stock: NNDM		 sell price: 10.6		 buy price: 10.63/9
Time: 18-Mar-2021 (20:22:18.314053): ==============
Time: 18-Mar-2021 (20:23:20.170052): Stock: NNDM		 sell price: 10.58		 buy price: 10.61/12
Time: 18-Mar-2021 (20:23:20.170226): Buying NNDM================
Time: 18-Mar-2021 (20:23:42.182880): Trade button clicked...
Time: 18-Mar-2021 (20:23:42.267055): Price set...
Time: 18-Mar-2021 (20:23:52.009251): Clicking on Open Trade button
Time: 18-Mar-2021 (20:23:57.371638): Clicking on Open Trade button
Time: 18-Mar-2021 (20:24:13.892789): ==============
Time: 18-Mar-2021 (20:24:19.022103): ==============
Time: 18-Mar-2021 (20:24:24.172983): ==============
Time: 18-Mar-2021 (20:24:29.208431): ==============
Time: 18-Mar-2021 (20:24:34.264121): ==============
Time: 18-Mar-2021 (20:24:39.374364): ==============
Time: 18-Mar-2021 (20:24:44.530816): ==============
Time: 18-Mar-2021 (20:24:49.607834): ==============
Time: 18-Mar-2021 (20:24:54.785053): ==============
Time: 18-Mar-2021 (20:24:59.939384): ==============
Time: 18-Mar-2021 (20:25:05.036832): ==============
Time: 18-Mar-2021 (20:25:10.185918): ==============
Time: 18-Mar-2021 (20:25:15.364238): ==============
Time: 18-Mar-2021 (20:25:20.498265): ==============
Time: 18-Mar-2021 (20:25:25.586207): ==============
Time: 18-Mar-2021 (20:25:30.745781): ==============
Time: 18-Mar-2021 (20:25:35.877001): ==============
Time: 18-Mar-2021 (20:25:41.003696): ==============
Time: 18-Mar-2021 (20:25:46.208820): ==============
Time: 18-Mar-2021 (20:25:51.370253): ==============
Time: 18-Mar-2021 (20:25:56.543429): ==============
Time: 18-Mar-2021 (20:26:01.725992): ==============
Time: 18-Mar-2021 (20:26:06.871634): ==============
Time: 18-Mar-2021 (20:26:12.024195): ==============
Time: 18-Mar-2021 (20:26:17.207886): ==============
Time: 18-Mar-2021 (20:26:22.268612): ==============
Time: 18-Mar-2021 (20:26:27.330168): ==============
Time: 18-Mar-2021 (20:26:32.469192): ==============
Time: 18-Mar-2021 (20:26:37.575691): ==============
Time: 18-Mar-2021 (20:26:42.644009): ==============
Time: 18-Mar-2021 (20:26:47.725409): ==============
Time: 18-Mar-2021 (20:26:52.781220): ==============
Time: 18-Mar-2021 (20:26:57.920853): ==============
Time: 18-Mar-2021 (20:27:03.040389): ==============
Time: 18-Mar-2021 (20:27:08.168236): ==============
Time: 18-Mar-2021 (20:27:13.279390): ==============
Time: 18-Mar-2021 (20:27:18.333801): ==============
Time: 18-Mar-2021 (20:27:23.427645): ==============
Time: 18-Mar-2021 (20:27:28.532610): ==============
Time: 18-Mar-2021 (20:27:33.668580): ==============
Time: 18-Mar-2021 (20:27:38.792656): ==============
Time: 18-Mar-2021 (20:27:43.820947): ==============
Time: 18-Mar-2021 (20:27:48.864177): ==============
Time: 18-Mar-2021 (20:27:54.004638): ==============
Time: 18-Mar-2021 (20:27:59.083683): ==============
Time: 18-Mar-2021 (20:28:04.319513): ==============
Time: 18-Mar-2021 (20:29:55.038687): Stock: NNDM		 sell price: 10.53/9		 buy price: 10.56
Time: 18-Mar-2021 (20:29:55.041606): Selling NNDM==============
Time: 18-Mar-2021 (20:30:16.931967): stock button clicked...
Time: 18-Mar-2021 (20:30:22.239486): x button clicked
Time: 18-Mar-2021 (20:30:27.526066): Close Trade button clicked
Time: 18-Mar-2021 (20:30:43.999374): ==============
Time: 18-Mar-2021 (20:30:49.086430): Stock: NNDM		 sell price: 10.57/9		 buy price: 10.6
Time: 18-Mar-2021 (20:30:49.086606): Selling NNDM==============
Time: 18-Mar-2021 (20:31:11.056578): stock button clicked...
Time: 18-Mar-2021 (20:31:16.352643): x button clicked
Time: 18-Mar-2021 (20:31:21.657799): Close Trade button clicked
Time: 18-Mar-2021 (20:31:38.126005): ==============
Time: 18-Mar-2021 (20:31:43.298449): Stock: NNDM		 sell price: 10.55/9		 buy price: 10.58
Time: 18-Mar-2021 (20:31:43.298606): Selling NNDM==============
Time: 18-Mar-2021 (20:32:05.049457): stock button clicked...
Time: 18-Mar-2021 (20:32:10.380308): x button clicked
Time: 18-Mar-2021 (20:32:15.836081): Close Trade button clicked
Time: 18-Mar-2021 (20:32:33.215996): ==============
Time: 18-Mar-2021 (20:32:38.896066): Stock: NNDM		 sell price: 10.54/9		 buy price: 10.57
Time: 18-Mar-2021 (20:32:38.896235): Selling NNDM==============
Time: 18-Mar-2021 (20:33:01.646030): stock button clicked...
Time: 18-Mar-2021 (20:33:06.931456): x button clicked
Time: 18-Mar-2021 (20:33:12.273106): Close Trade button clicked
Time: 18-Mar-2021 (20:33:28.694016): ==============
Time: 18-Mar-2021 (20:33:33.753248): Stock: NNDM		 sell price: 10.53/9		 buy price: 10.56
Time: 18-Mar-2021 (20:33:33.753400): Selling NNDM==============
Time: 18-Mar-2021 (20:33:56.088084): stock button clicked...
Time: 18-Mar-2021 (20:34:01.426818): x button clicked
Time: 18-Mar-2021 (20:34:06.756060): Close Trade button clicked
Time: 18-Mar-2021 (20:34:23.859393): ==============
Time: 18-Mar-2021 (20:34:28.883243): ==============
Time: 18-Mar-2021 (20:34:33.954241): ==============
Time: 18-Mar-2021 (20:34:39.089563): ==============
Time: 18-Mar-2021 (20:34:44.157888): ==============
Time: 18-Mar-2021 (20:34:49.232745): ==============
Time: 18-Mar-2021 (20:34:54.289832): ==============
Time: 18-Mar-2021 (20:34:59.392788): ==============
Time: 18-Mar-2021 (20:35:04.399124): ==============
Time: 18-Mar-2021 (20:35:09.400687): ==============
Time: 18-Mar-2021 (20:35:14.371671): ==============
Time: 18-Mar-2021 (20:35:19.417563): ==============
Time: 18-Mar-2021 (20:35:24.498916): ==============
Time: 18-Mar-2021 (20:35:29.559624): ==============
Time: 18-Mar-2021 (20:35:34.627790): ==============
Time: 18-Mar-2021 (20:35:39.713430): ==============
Time: 18-Mar-2021 (20:35:44.750579): ==============
Time: 18-Mar-2021 (20:35:49.753312): ==============
Time: 18-Mar-2021 (20:35:54.729135): ==============
Time: 18-Mar-2021 (20:35:59.756177): ==============
Time: 18-Mar-2021 (20:36:04.807588): ==============
Time: 18-Mar-2021 (20:36:09.898717): ==============
Time: 18-Mar-2021 (20:36:14.919822): ==============
Time: 18-Mar-2021 (20:36:20.047287): ==============
Time: 18-Mar-2021 (20:36:25.167464): ==============
Time: 18-Mar-2021 (20:36:30.278964): ==============
Time: 18-Mar-2021 (20:46:55.267011): Stock: VOPA.NV		 sell price: 41.11		 buy price: 41.2/1000
Time: 18-Mar-2021 (20:46:55.270093): Buying VOPA.NV================
Time: 18-Mar-2021 (20:47:18.309124): Trade button clicked...
Time: 18-Mar-2021 (20:47:18.443737): Price set...
Time: 18-Mar-2021 (20:47:28.185901): Clicking on Open Trade button
Time: 18-Mar-2021 (20:47:33.502826): Clicking on Open Trade button
Time: 18-Mar-2021 (20:47:49.999554): Stock: TRYG.CO		 sell price: 145.57		 buy price: 145.93/1000
Time: 18-Mar-2021 (20:47:49.999938): Buying TRYG.CO================
Time: 18-Mar-2021 (20:48:11.926149): Trade button clicked...
Time: 18-Mar-2021 (20:48:12.026824): Price set...
Time: 18-Mar-2021 (20:48:21.769203): Clicking on Open Trade button
Time: 18-Mar-2021 (20:48:27.109856): Clicking on Open Trade button
Time: 18-Mar-2021 (20:48:43.225070): Stock: GLJ.DE		 sell price: 33.21		 buy price: 33.31/1000
Time: 18-Mar-2021 (20:48:43.225410): Buying GLJ.DE================
Time: 18-Mar-2021 (20:49:04.595825): Trade button clicked...
Time: 18-Mar-2021 (20:49:04.681995): Price set...
Time: 18-Mar-2021 (20:49:14.419203): Clicking on Open Trade button
Time: 18-Mar-2021 (20:49:19.806908): Clicking on Open Trade button
Time: 18-Mar-2021 (20:49:36.075898): Stock: NELES.HE		 sell price: 10.34		 buy price: 10.37/1000
Time: 18-Mar-2021 (20:49:36.076282): Buying NELES.HE================
Time: 18-Mar-2021 (20:49:57.479382): Trade button clicked...
Time: 18-Mar-2021 (20:49:57.593686): Price set...
Time: 18-Mar-2021 (20:50:07.339459): Clicking on Open Trade button
Time: 18-Mar-2021 (20:50:12.711388): Clicking on Open Trade button
Time: 18-Mar-2021 (20:50:28.718959): Stock: 1958.HK		 sell price: 2.787		 buy price: 2.803/1000
Time: 18-Mar-2021 (20:50:28.719325): Buying 1958.HK================
Time: 18-Mar-2021 (20:50:49.929080): Trade button clicked...
Time: 18-Mar-2021 (20:50:50.024027): Price set...
Time: 18-Mar-2021 (20:50:59.765124): Clicking on Open Trade button
Time: 18-Mar-2021 (20:51:05.107938): Clicking on Open Trade button
Time: 18-Mar-2021 (20:51:22.226745): Stock: CEY.L		 sell price: 104.46		 buy price: 104.79/1000
Time: 18-Mar-2021 (20:51:22.227106): Buying CEY.L================
Time: 18-Mar-2021 (20:51:43.630637): Trade button clicked...
Time: 18-Mar-2021 (20:51:43.706814): Price set...
Time: 18-Mar-2021 (20:51:53.449152): Clicking on Open Trade button
Time: 18-Mar-2021 (20:51:58.816037): Clicking on Open Trade button
Time: 18-Mar-2021 (20:52:14.903623): Stock: GSK.L		 sell price: 1297.83		 buy price: 1300.57/2000
Time: 18-Mar-2021 (20:52:14.904039): Buying GSK.L================
Time: 18-Mar-2021 (20:52:36.029184): Trade button clicked...
Time: 18-Mar-2021 (20:52:36.137515): Price set...
Time: 18-Mar-2021 (20:52:45.889186): Clicking on Open Trade button
Time: 18-Mar-2021 (20:52:51.215744): Clicking on Open Trade button
Time: 18-Mar-2021 (20:53:07.371573): Stock: RR.L		 sell price: 124.34		 buy price: 124.66/1000
Time: 18-Mar-2021 (20:53:07.371941): Buying RR.L================
Time: 18-Mar-2021 (20:53:28.825770): Trade button clicked...
Time: 18-Mar-2021 (20:53:28.898245): Price set...
Time: 18-Mar-2021 (20:53:38.638091): Clicking on Open Trade button
Time: 18-Mar-2021 (20:53:43.982196): Clicking on Open Trade button
Time: 18-Mar-2021 (20:54:00.009150): Stock: GRF.MC		 sell price: 21.69		 buy price: 21.74/1000
Time: 18-Mar-2021 (20:54:00.009502): Buying GRF.MC================
Time: 18-Mar-2021 (20:54:21.374489): Trade button clicked...
Time: 18-Mar-2021 (20:54:21.449958): Price set...
Time: 18-Mar-2021 (20:54:31.189999): Clicking on Open Trade button
Time: 18-Mar-2021 (20:54:36.491975): Clicking on Open Trade button
Time: 18-Mar-2021 (20:54:53.485699): Stock: JFU		 sell price: 2.218		 buy price: 2.232/1000
Time: 18-Mar-2021 (20:54:53.486116): Buying JFU================
Time: 18-Mar-2021 (20:55:14.686833): Trade button clicked...
Time: 18-Mar-2021 (20:55:14.751746): Price set...
Time: 18-Mar-2021 (20:55:24.495712): Clicking on Open Trade button
Time: 18-Mar-2021 (20:55:29.866283): Clicking on Open Trade button
Time: 18-Mar-2021 (21:00:48.127299): Stock: VOPA.NV		 sell price: 41.11		 buy price: 41.2/1000
Time: 18-Mar-2021 (21:00:48.128832): Buying VOPA.NV================
Time: 18-Mar-2021 (21:01:09.510490): Trade button clicked...
Time: 18-Mar-2021 (21:01:09.604406): Price set...
Time: 18-Mar-2021 (21:01:19.349119): Clicking on Open Trade button
Time: 18-Mar-2021 (21:01:24.675730): Clicking on Open Trade button
Time: 18-Mar-2021 (21:01:41.127308): Stock: TRYG.CO		 sell price: 145.57		 buy price: 145.93/1000
Time: 18-Mar-2021 (21:01:41.127797): Buying TRYG.CO================
Time: 18-Mar-2021 (21:02:03.022197): Trade button clicked...
Time: 18-Mar-2021 (21:02:03.204476): Price set...
Time: 18-Mar-2021 (21:02:12.939409): Clicking on Open Trade button
Time: 18-Mar-2021 (21:02:18.294718): Clicking on Open Trade button
Time: 18-Mar-2021 (21:02:34.155643): Stock: GLJ.DE		 sell price: 33.21		 buy price: 33.31/1000
Time: 18-Mar-2021 (21:02:34.155877): Buying GLJ.DE================
Time: 18-Mar-2021 (21:02:57.469099): Trade button clicked...
Time: 18-Mar-2021 (21:02:57.547254): Price set...
Time: 18-Mar-2021 (21:03:07.289122): Clicking on Open Trade button
Time: 18-Mar-2021 (21:03:12.668095): Clicking on Open Trade button
Time: 18-Mar-2021 (21:03:29.781927): Stock: NELES.HE		 sell price: 10.34		 buy price: 10.37/1000
Time: 18-Mar-2021 (21:03:29.782451): Buying NELES.HE================
Time: 18-Mar-2021 (21:03:51.165774): Trade button clicked...
Time: 18-Mar-2021 (21:03:51.249359): Price set...
Time: 18-Mar-2021 (21:04:00.987969): Clicking on Open Trade button
Time: 18-Mar-2021 (21:04:06.318289): Clicking on Open Trade button
Time: 18-Mar-2021 (21:04:22.360061): Stock: 1958.HK		 sell price: 2.787		 buy price: 2.803/1000
Time: 18-Mar-2021 (21:04:22.360525): Buying 1958.HK================
Time: 18-Mar-2021 (21:04:43.812392): Trade button clicked...
Time: 18-Mar-2021 (21:04:43.883258): Price set...
Time: 18-Mar-2021 (21:04:53.632426): Clicking on Open Trade button
Time: 18-Mar-2021 (21:04:58.932378): Clicking on Open Trade button
Time: 18-Mar-2021 (21:05:14.959538): Stock: CEY.L		 sell price: 104.46		 buy price: 104.79/1000
Time: 18-Mar-2021 (21:05:14.959766): Buying CEY.L================
Time: 18-Mar-2021 (21:05:36.394915): Trade button clicked...
Time: 18-Mar-2021 (21:05:36.491505): Price set...
Time: 18-Mar-2021 (21:05:46.232316): Clicking on Open Trade button
Time: 18-Mar-2021 (21:05:51.549096): Clicking on Open Trade button
Time: 18-Mar-2021 (21:06:07.712449): Stock: GSK.L		 sell price: 1297.83		 buy price: 1300.57/2000
Time: 18-Mar-2021 (21:06:07.713031): Buying GSK.L================
Time: 18-Mar-2021 (21:06:29.145000): Trade button clicked...
Time: 18-Mar-2021 (21:26:44.443501): Stock: GRF.MC		 sell price: 21.69		 buy price: 21.74/1000
Time: 18-Mar-2021 (21:26:44.446599): Buying GRF.MC================
Time: 18-Mar-2021 (21:27:06.322461): Trade button clicked...
Time: 18-Mar-2021 (21:27:06.464745): Price set...
Time: 18-Mar-2021 (21:27:16.189179): Clicking on Open Trade button
Time: 18-Mar-2021 (21:27:21.543957): Clicking on Open Trade button
Time: 18-Mar-2021 (21:27:37.994956): Stock: BMRN		 sell price: 77.51		 buy price: 77.71/1000
Time: 18-Mar-2021 (21:27:37.995309): Buying BMRN================
Time: 18-Mar-2021 (21:27:59.951424): Trade button clicked...
Time: 18-Mar-2021 (21:28:00.076424): Price set...
Time: 18-Mar-2021 (21:28:09.819139): Clicking on Open Trade button
Time: 18-Mar-2021 (21:28:15.142824): Clicking on Open Trade button
Time: 18-Mar-2021 (21:28:31.128257): Stock: JFU		 sell price: 2.168		 buy price: 2.182/1000
Time: 18-Mar-2021 (21:28:31.128679): Buying JFU================
Time: 18-Mar-2021 (21:28:52.609165): Trade button clicked...
Time: 18-Mar-2021 (21:28:52.691664): Price set...
Time: 18-Mar-2021 (21:29:02.441264): Clicking on Open Trade button
Time: 18-Mar-2021 (21:29:07.800029): Clicking on Open Trade button
Time: 18-Mar-2021 (21:29:23.612476): Stock: VRTX		 sell price: 213.7		 buy price: 214.19/1000
Time: 18-Mar-2021 (21:29:23.612866): Buying VRTX================
Time: 18-Mar-2021 (21:29:44.785839): Trade button clicked...
Time: 18-Mar-2021 (21:29:44.863135): Price set...
Time: 18-Mar-2021 (21:29:54.610206): Clicking on Open Trade button
Time: 18-Mar-2021 (21:29:59.968180): Clicking on Open Trade button
Time: 18-Mar-2021 (21:30:16.014704): Stock: HTZGQ		 sell price: 1.109		 buy price: 1.121/1000
Time: 18-Mar-2021 (21:30:16.015077): Buying HTZGQ================
Time: 18-Mar-2021 (21:30:37.138839): Trade button clicked...
Time: 18-Mar-2021 (23:31:07.373398): Stock: GRF.MC		 sell price: 21.69		 buy price: 21.74/1000
Time: 18-Mar-2021 (23:31:07.376913): Buying GRF.MC================
Time: 18-Mar-2021 (23:31:30.588457): Trade button clicked...
Time: 18-Mar-2021 (23:31:30.672801): Price set...
Time: 18-Mar-2021 (23:31:40.408863): Clicking on Open Trade button
Time: 18-Mar-2021 (23:31:45.717716): Clicking on Open Trade button
Time: 18-Mar-2021 (23:32:02.253433): Stock: BMRN		 sell price: 77.3		 buy price: 77.5/1000
Time: 18-Mar-2021 (23:32:02.253962): Buying BMRN================
Time: 18-Mar-2021 (23:32:24.617299): Trade button clicked...
Time: 18-Mar-2021 (23:32:24.682447): Price set...
Time: 18-Mar-2021 (23:32:34.429077): Clicking on Open Trade button
Time: 18-Mar-2021 (23:32:39.775833): Clicking on Open Trade button
Time: 18-Mar-2021 (23:32:55.845934): Stock: JFU		 sell price: 2.1381		 buy price: 2.1519/1000
Time: 18-Mar-2021 (23:32:55.846367): Buying JFU================
Time: 18-Mar-2021 (23:33:17.248307): Trade button clicked...
Time: 18-Mar-2021 (23:33:17.360324): Price set...
Time: 18-Mar-2021 (23:33:27.115481): Clicking on Open Trade button
Time: 18-Mar-2021 (23:33:32.465412): Clicking on Open Trade button
Time: 18-Mar-2021 (23:33:48.619937): Stock: VRTX		 sell price: 213.25		 buy price: 213.69/1000
Time: 18-Mar-2021 (23:33:48.620393): Buying VRTX================
Time: 18-Mar-2021 (23:34:10.897502): Trade button clicked...
Time: 18-Mar-2021 (23:34:11.027703): Price set...
Time: 18-Mar-2021 (23:34:20.772194): Clicking on Open Trade button
Time: 18-Mar-2021 (23:34:26.092228): Clicking on Open Trade button
Time: 18-Mar-2021 (23:34:42.050052): Stock: HTZGQ		 sell price: 1.089		 buy price: 1.101/1000
Time: 18-Mar-2021 (23:34:42.050517): Buying HTZGQ================
Time: 18-Mar-2021 (23:35:04.033461): Trade button clicked...
Time: 18-Mar-2021 (23:40:17.888208): Stock: HTZGQ		 sell price: 1.089		 buy price: 1.101/1000
Time: 18-Mar-2021 (23:40:17.891374): Buying HTZGQ================
Time: 18-Mar-2021 (23:40:39.782246): Trade button clicked...
Time: 18-Mar-2021 (23:40:39.797890): Price set...
Time: 18-Mar-2021 (23:40:43.812901): Clicking on Open Trade button
Time: 18-Mar-2021 (23:40:43.826914): Clicking on Open Trade button
Time: 18-Mar-2021 (23:40:43.834065): Clicking on Open Trade button
Time: 18-Mar-2021 (23:40:43.841398): Clicking on Open Trade button
Time: 18-Mar-2021 (23:40:43.850239): Clicking on Open Trade button
Time: 18-Mar-2021 (23:41:00.352333): Stock: PRGO		 sell price: 41.73		 buy price: 41.84/1000
Time: 18-Mar-2021 (23:41:00.352758): Buying PRGO================
Time: 18-Mar-2021 (23:41:23.239656): Trade button clicked...
Time: 18-Mar-2021 (23:41:23.319628): Price set...
Time: 18-Mar-2021 (23:41:33.065668): Clicking on Open Trade button
Time: 18-Mar-2021 (23:41:38.415622): Clicking on Open Trade button
Time: 18-Mar-2021 (23:41:38.428130): Clicking on Open Trade button
Time: 18-Mar-2021 (23:41:38.434600): Clicking on Open Trade button
Time: 18-Mar-2021 (23:41:38.443741): Clicking on Open Trade button
Time: 18-Mar-2021 (23:41:54.445009): Stock: TEO		 sell price: 5.69		 buy price: 5.76/1000
Time: 18-Mar-2021 (23:41:54.445432): Buying TEO================
Time: 18-Mar-2021 (23:42:16.368419): Trade button clicked...
Time: 18-Mar-2021 (23:42:16.461606): Price set...
Time: 18-Mar-2021 (23:42:26.205516): Clicking on Open Trade button
Time: 18-Mar-2021 (23:42:31.514314): Clicking on Open Trade button
Time: 18-Mar-2021 (23:42:31.524583): Clicking on Open Trade button
Time: 18-Mar-2021 (23:42:31.532331): Clicking on Open Trade button
Time: 18-Mar-2021 (23:42:31.541669): Clicking on Open Trade button
Time: 18-Mar-2021 (23:42:48.609893): Stock: WLL		 sell price: 32.65		 buy price: 32.8/1000
Time: 18-Mar-2021 (23:42:48.610352): Buying WLL================
Time: 18-Mar-2021 (23:43:09.992310): Trade button clicked...
Time: 18-Mar-2021 (23:43:10.086767): Price set...
Time: 18-Mar-2021 (23:43:19.832773): Clicking on Open Trade button
Time: 18-Mar-2021 (23:43:25.149859): Clicking on Open Trade button
Time: 18-Mar-2021 (23:43:25.162450): Clicking on Open Trade button
Time: 18-Mar-2021 (23:43:25.175873): Clicking on Open Trade button
Time: 18-Mar-2021 (23:43:25.184417): Clicking on Open Trade button
Time: 18-Mar-2021 (23:43:41.167600): Stock: SOBI.ST		 sell price: 143.37		 buy price: 143.78/1000
Time: 18-Mar-2021 (23:43:41.167968): Buying SOBI.ST================
Time: 18-Mar-2021 (23:44:02.670066): Trade button clicked...
Time: 18-Mar-2021 (23:44:02.681440): Price set...
Time: 18-Mar-2021 (23:44:06.696496): Clicking on Open Trade button
Time: 18-Mar-2021 (23:44:06.706620): Clicking on Open Trade button
Time: 18-Mar-2021 (23:44:06.731580): Clicking on Open Trade button
Time: 18-Mar-2021 (23:44:06.737167): Clicking on Open Trade button
Time: 18-Mar-2021 (23:44:06.741158): Clicking on Open Trade button
Time: 18-Mar-2021 (23:44:22.704154): Stock: GALE.ZU		 sell price: 58.45		 buy price: 58.6/1000
Time: 18-Mar-2021 (23:44:22.704502): Buying GALE.ZU================
Time: 18-Mar-2021 (23:44:44.138982): Trade button clicked...
Time: 18-Mar-2021 (23:44:44.148247): Price set...
Time: 18-Mar-2021 (23:44:48.166266): Clicking on Open Trade button
Time: 18-Mar-2021 (23:44:48.179406): Clicking on Open Trade button
Time: 18-Mar-2021 (23:44:48.186706): Clicking on Open Trade button
Time: 18-Mar-2021 (23:44:48.192885): Clicking on Open Trade button
Time: 18-Mar-2021 (23:44:48.200732): Clicking on Open Trade button
Time: 18-Mar-2021 (23:45:04.139791): ==============
Time: 18-Mar-2021 (23:45:07.352763): ==============
Time: 18-Mar-2021 (23:45:10.554187): ==============
Time: 18-Mar-2021 (23:45:13.679019): ==============
Time: 18-Mar-2021 (23:45:16.860396): ==============
Time: 18-Mar-2021 (23:45:20.028591): ==============
Time: 18-Mar-2021 (23:45:23.204173): ==============
