Time: 19-Jul-2020 (19:31:05.258640): Loading Firefox...
Time: 19-Jul-2020 (19:31:28.090964): Maximizing firefox...
Time: 19-Jul-2020 (19:31:28.104930): Getting gateway URL...
Time: 19-Jul-2020 (19:31:44.941601): Trying to find a login button...
Time: 19-Jul-2020 (19:31:50.408820): Window handlers: ['5', '2147483670']
Time: 19-Jul-2020 (19:31:50.409066): Trying to login...
Time: 19-Jul-2020 (19:31:50.427501): [['AF.PA', 'sell', '9']]
Time: 19-Jul-2020 (19:33:09.653647): Loading Firefox...
Time: 19-Jul-2020 (19:33:31.438940): Maximizing firefox...
Time: 19-Jul-2020 (19:33:31.447467): Getting gateway URL...
Time: 19-Jul-2020 (19:33:49.305106): Trying to find a login button...
Time: 19-Jul-2020 (19:33:49.319082): [['AF.PA', 'sell', '9']]
Time: 19-Jul-2020 (19:33:53.260900): Stock: AF.PA		 sell price: 4.139/9		 buy price: 4.153
Time: 19-Jul-2020 (19:33:53.261031): ==============
Time: 19-Jul-2020 (19:33:58.139045): Stock: AF.PA		 sell price: 4.139/9		 buy price: 4.153
Time: 19-Jul-2020 (19:33:58.139180): ==============
Time: 19-Jul-2020 (19:34:02.862793): Stock: AF.PA		 sell price: 4.139/9		 buy price: 4.153
Time: 19-Jul-2020 (19:34:02.862935): ==============
Time: 19-Jul-2020 (19:34:07.611707): Stock: AF.PA		 sell price: 4.139/9		 buy price: 4.153
Time: 19-Jul-2020 (19:34:07.611848): ==============
Time: 19-Jul-2020 (19:34:12.485379): Stock: AF.PA		 sell price: 4.139/9		 buy price: 4.153
Time: 19-Jul-2020 (19:34:12.485527): ==============
Time: 19-Jul-2020 (19:34:17.270900): Stock: AF.PA		 sell price: 4.139/9		 buy price: 4.153
Time: 19-Jul-2020 (19:34:17.271032): ==============
Time: 19-Jul-2020 (19:34:22.031619): Stock: AF.PA		 sell price: 4.139/9		 buy price: 4.153
Time: 19-Jul-2020 (19:34:22.031770): ==============
Time: 19-Jul-2020 (19:34:26.827764): Stock: AF.PA		 sell price: 4.139/9		 buy price: 4.153
Time: 19-Jul-2020 (19:34:26.827894): ==============
Time: 19-Jul-2020 (19:34:31.720451): Stock: AF.PA		 sell price: 4.139/9		 buy price: 4.153
Time: 19-Jul-2020 (19:34:31.720597): ==============
Time: 19-Jul-2020 (19:34:36.682920): Stock: AF.PA		 sell price: 4.139/9		 buy price: 4.153
Time: 19-Jul-2020 (19:34:36.683062): ==============
Time: 19-Jul-2020 (19:34:41.585858): Stock: AF.PA		 sell price: 4.139/9		 buy price: 4.153
Time: 19-Jul-2020 (19:34:41.585993): ==============
Time: 19-Jul-2020 (19:34:46.597670): Stock: AF.PA		 sell price: 4.139/9		 buy price: 4.153
Time: 19-Jul-2020 (19:34:46.597819): ==============
Time: 19-Jul-2020 (19:34:51.667206): Stock: AF.PA		 sell price: 4.139/9		 buy price: 4.153
Time: 19-Jul-2020 (19:34:51.667356): ==============
Time: 19-Jul-2020 (19:34:56.464349): Stock: AF.PA		 sell price: 4.139/9		 buy price: 4.153
Time: 19-Jul-2020 (19:34:56.464489): ==============
Time: 19-Jul-2020 (19:35:01.297934): Stock: AF.PA		 sell price: 4.139/9		 buy price: 4.153
Time: 19-Jul-2020 (19:35:01.298070): ==============
Time: 19-Jul-2020 (19:35:06.140077): Stock: AF.PA		 sell price: 4.139/9		 buy price: 4.153
Time: 19-Jul-2020 (19:35:06.140287): ==============
Time: 19-Jul-2020 (19:35:10.925856): Stock: AF.PA		 sell price: 4.139/9		 buy price: 4.153
Time: 19-Jul-2020 (19:35:10.925991): ==============
Time: 19-Jul-2020 (19:35:15.681214): Stock: AF.PA		 sell price: 4.139/9		 buy price: 4.153
Time: 19-Jul-2020 (19:35:15.681345): ==============
Time: 19-Jul-2020 (19:35:20.509016): Stock: AF.PA		 sell price: 4.139/9		 buy price: 4.153
Time: 19-Jul-2020 (19:35:20.509152): ==============
Time: 19-Jul-2020 (19:35:25.917111): Stock: AF.PA		 sell price: 4.139/9		 buy price: 4.153
Time: 19-Jul-2020 (19:35:25.917255): ==============
Time: 19-Jul-2020 (19:35:31.227384): Stock: AF.PA		 sell price: 4.139/9		 buy price: 4.153
Time: 19-Jul-2020 (19:35:31.227540): ==============
Time: 19-Jul-2020 (19:35:36.072231): Stock: AF.PA		 sell price: 4.139/9		 buy price: 4.153
Time: 19-Jul-2020 (19:35:36.072374): ==============
Time: 19-Jul-2020 (19:35:40.855439): Stock: AF.PA		 sell price: 4.139/9		 buy price: 4.153
Time: 19-Jul-2020 (19:35:40.855584): ==============
Time: 19-Jul-2020 (19:35:45.646415): Stock: AF.PA		 sell price: 4.139/9		 buy price: 4.153
Time: 19-Jul-2020 (19:35:45.646586): ==============
Time: 19-Jul-2020 (19:35:50.402411): Stock: AF.PA		 sell price: 4.139/9		 buy price: 4.153
Time: 19-Jul-2020 (19:35:50.402554): ==============
Time: 19-Jul-2020 (19:35:55.253366): Stock: AF.PA		 sell price: 4.139/9		 buy price: 4.153
Time: 19-Jul-2020 (19:35:55.253498): ==============
Time: 19-Jul-2020 (19:36:00.089932): Stock: AF.PA		 sell price: 4.139/9		 buy price: 4.153
Time: 19-Jul-2020 (19:36:00.090074): ==============
Time: 19-Jul-2020 (19:36:04.991646): Stock: AF.PA		 sell price: 4.139/9		 buy price: 4.153
Time: 19-Jul-2020 (19:36:04.991779): ==============
Time: 19-Jul-2020 (19:36:10.069138): Stock: AF.PA		 sell price: 4.139/9		 buy price: 4.153
Time: 19-Jul-2020 (19:36:10.072254): ==============
Time: 19-Jul-2020 (19:36:14.856477): Stock: AF.PA		 sell price: 4.139/9		 buy price: 4.153
Time: 19-Jul-2020 (19:36:14.856620): ==============
Time: 19-Jul-2020 (19:36:19.710080): Stock: AF.PA		 sell price: 4.139/9		 buy price: 4.153
Time: 19-Jul-2020 (19:36:19.710221): ==============
Time: 19-Jul-2020 (19:36:24.614123): Stock: AF.PA		 sell price: 4.139/9		 buy price: 4.153
Time: 19-Jul-2020 (19:36:24.614265): ==============
Time: 19-Jul-2020 (19:36:29.672788): Stock: AF.PA		 sell price: 4.139/9		 buy price: 4.153
Time: 19-Jul-2020 (19:36:29.672941): ==============
Time: 19-Jul-2020 (19:36:34.640795): Stock: AF.PA		 sell price: 4.139/9		 buy price: 4.153
Time: 19-Jul-2020 (19:36:34.640942): ==============
Time: 19-Jul-2020 (19:36:39.505761): Stock: AF.PA		 sell price: 4.139/9		 buy price: 4.153
Time: 19-Jul-2020 (19:36:39.505910): ==============
Time: 19-Jul-2020 (19:36:44.371523): Stock: AF.PA		 sell price: 4.139/9		 buy price: 4.153
Time: 19-Jul-2020 (19:36:44.371665): ==============
Time: 19-Jul-2020 (19:36:49.151579): Stock: AF.PA		 sell price: 4.139/9		 buy price: 4.153
Time: 19-Jul-2020 (19:36:49.151711): ==============
Time: 19-Jul-2020 (19:36:53.899157): Stock: AF.PA		 sell price: 4.139/9		 buy price: 4.153
Time: 19-Jul-2020 (19:36:53.899290): ==============
Time: 19-Jul-2020 (19:36:58.701125): Stock: AF.PA		 sell price: 4.139/9		 buy price: 4.153
Time: 19-Jul-2020 (19:36:58.701257): ==============
Time: 19-Jul-2020 (19:37:03.667625): Stock: AF.PA		 sell price: 4.139/9		 buy price: 4.153
Time: 19-Jul-2020 (19:37:03.667776): ==============
Time: 19-Jul-2020 (19:37:08.531974): Stock: AF.PA		 sell price: 4.139/9		 buy price: 4.153
Time: 19-Jul-2020 (19:37:08.532111): ==============
Time: 19-Jul-2020 (19:37:13.558962): Stock: AF.PA		 sell price: 4.139/9		 buy price: 4.153
Time: 19-Jul-2020 (19:37:13.559112): ==============
Time: 19-Jul-2020 (19:37:18.957044): Stock: AF.PA		 sell price: 4.139/9		 buy price: 4.153
Time: 19-Jul-2020 (19:37:18.957290): ==============
Time: 19-Jul-2020 (19:37:23.996369): Stock: AF.PA		 sell price: 4.139/9		 buy price: 4.153
Time: 19-Jul-2020 (19:37:23.996497): ==============
Time: 19-Jul-2020 (19:37:28.874237): Stock: AF.PA		 sell price: 4.139/9		 buy price: 4.153
Time: 19-Jul-2020 (19:37:28.874383): ==============
Time: 19-Jul-2020 (19:37:34.020417): Stock: AF.PA		 sell price: 4.139/9		 buy price: 4.153
Time: 19-Jul-2020 (19:37:34.020550): ==============
Time: 19-Jul-2020 (19:37:38.918515): Stock: AF.PA		 sell price: 4.139/9		 buy price: 4.153
Time: 19-Jul-2020 (19:37:38.918649): ==============
Time: 19-Jul-2020 (19:37:43.783975): Stock: AF.PA		 sell price: 4.139/9		 buy price: 4.153
Time: 19-Jul-2020 (19:37:43.784122): ==============
Time: 19-Jul-2020 (19:37:48.575293): Stock: AF.PA		 sell price: 4.139/9		 buy price: 4.153
Time: 19-Jul-2020 (19:37:48.575431): ==============
Time: 19-Jul-2020 (19:37:53.768353): Stock: AF.PA		 sell price: 4.139/9		 buy price: 4.153
Time: 19-Jul-2020 (19:37:53.768511): ==============
Time: 19-Jul-2020 (19:37:59.067415): Stock: AF.PA		 sell price: 4.139/9		 buy price: 4.153
Time: 19-Jul-2020 (19:37:59.067564): ==============
Time: 19-Jul-2020 (19:38:03.959681): Stock: AF.PA		 sell price: 4.139/9		 buy price: 4.153
Time: 19-Jul-2020 (19:38:03.959831): ==============
Time: 19-Jul-2020 (19:38:08.800460): Stock: AF.PA		 sell price: 4.139/9		 buy price: 4.153
Time: 19-Jul-2020 (19:38:08.800616): ==============
Time: 19-Jul-2020 (19:38:13.720643): Stock: AF.PA		 sell price: 4.139/9		 buy price: 4.153
Time: 19-Jul-2020 (19:38:13.720789): ==============
Time: 19-Jul-2020 (19:38:18.575650): Stock: AF.PA		 sell price: 4.139/9		 buy price: 4.153
Time: 19-Jul-2020 (19:38:18.575789): ==============
Time: 19-Jul-2020 (19:38:23.785605): Stock: AF.PA		 sell price: 4.139/9		 buy price: 4.153
Time: 19-Jul-2020 (19:38:23.785735): ==============
Time: 19-Jul-2020 (19:38:28.716796): Stock: AF.PA		 sell price: 4.139/9		 buy price: 4.153
Time: 19-Jul-2020 (19:38:28.716938): ==============
Time: 19-Jul-2020 (19:38:33.955152): Stock: AF.PA		 sell price: 4.139/9		 buy price: 4.153
Time: 19-Jul-2020 (19:38:33.955324): ==============
Time: 19-Jul-2020 (19:38:38.879829): Stock: AF.PA		 sell price: 4.139/9		 buy price: 4.153
Time: 19-Jul-2020 (19:38:38.879976): ==============
Time: 19-Jul-2020 (19:38:43.555104): Stock: AF.PA		 sell price: 4.139/9		 buy price: 4.153
Time: 19-Jul-2020 (19:38:43.555254): ==============
Time: 19-Jul-2020 (19:38:48.247953): Stock: AF.PA		 sell price: 4.139/9		 buy price: 4.153
Time: 19-Jul-2020 (19:38:48.248106): ==============
Time: 19-Jul-2020 (19:38:53.396093): Stock: AF.PA		 sell price: 4.139/9		 buy price: 4.153
Time: 19-Jul-2020 (19:38:53.396322): ==============
Time: 19-Jul-2020 (19:38:58.111086): Stock: AF.PA		 sell price: 4.139/9		 buy price: 4.153
Time: 19-Jul-2020 (19:38:58.111235): ==============
Time: 19-Jul-2020 (19:39:02.923836): Stock: AF.PA		 sell price: 4.139/9		 buy price: 4.153
Time: 19-Jul-2020 (19:39:02.923972): ==============
Time: 19-Jul-2020 (19:39:08.016940): Stock: AF.PA		 sell price: 4.139/9		 buy price: 4.153
Time: 19-Jul-2020 (19:39:08.017084): ==============
Time: 19-Jul-2020 (19:39:13.033106): Stock: AF.PA		 sell price: 4.139/9		 buy price: 4.153
Time: 19-Jul-2020 (19:39:13.033258): ==============
Time: 19-Jul-2020 (19:39:17.974089): Stock: AF.PA		 sell price: 4.139/9		 buy price: 4.153
Time: 19-Jul-2020 (19:39:17.974231): ==============
Time: 19-Jul-2020 (19:39:22.911293): Stock: AF.PA		 sell price: 4.139/9		 buy price: 4.153
Time: 19-Jul-2020 (19:39:22.911460): ==============
