1590619447500	mozrunner::runner	INFO	Running command: "/usr/bin/firefox" "-marionette" "-foreground" "-no-remote" "-profile" "/tmp/rust_mozprofilegEpigv"
1590619450286	Marionette	INFO	Listening on port 45493
1590619450327	Marionette	WARN	TLS certificate errors will be ignored for this session
JavaScript warning: https://www.etoro.com/_Incapsula_Resource?SWJIYLWA=719d34d31c8e3a6e6fffd425f7e032f3&ns=2&cb=962878233, line 1: unreachable code after return statement
JavaScript warning: https://www.etoro.com/_Incapsula_Resource?SWJIYLWA=719d34d31c8e3a6e6fffd425f7e032f3&ns=4&cb=1872993202, line 1: unreachable code after return statement
JavaScript warning: https://www.etoro.com/_Incapsula_Resource?SWJIYLWA=719d34d31c8e3a6e6fffd425f7e032f3&ns=4&cb=1872993202, line 1: unreachable code after return statement
JavaScript warning: https://www.etoro.com/_Incapsula_Resource?SWJIYLWA=719d34d31c8e3a6e6fffd425f7e032f3&ns=4&cb=1872993202, line 1: unreachable code after return statement
JavaScript warning: https://www.etoro.com/_Incapsula_Resource?SWJIYLWA=719d34d31c8e3a6e6fffd425f7e032f3&ns=4&cb=1872993202 line 1 > eval, line 1: unreachable code after return statement
JavaScript warning: https://www.etoro.com/_Incapsula_Resource?SWJIYLWA=719d34d31c8e3a6e6fffd425f7e032f3&ns=4&cb=1872993202 line 1 > eval, line 1: unreachable code after return statement
Exiting due to channel error.
Exiting due to channel error.
Exiting due to channel error.
1590620675175	mozrunner::runner	INFO	Running command: "/usr/bin/firefox" "-marionette" "-foreground" "-no-remote" "-profile" "/tmp/rust_mozprofileIIqbMS"
1590620678035	Marionette	INFO	Listening on port 42751
1590620678098	Marionette	WARN	TLS certificate errors will be ignored for this session
JavaScript warning: https://www.etoro.com/_Incapsula_Resource?SWJIYLWA=719d34d31c8e3a6e6fffd425f7e032f3&ns=3&cb=1875123354, line 1: unreachable code after return statement
JavaScript warning: https://www.etoro.com/_Incapsula_Resource?SWJIYLWA=719d34d31c8e3a6e6fffd425f7e032f3&ns=3&cb=1875123354, line 1: unreachable code after return statement
JavaScript warning: https://www.etoro.com/_Incapsula_Resource?SWJIYLWA=719d34d31c8e3a6e6fffd425f7e032f3&ns=3&cb=1875123354, line 1: unreachable code after return statement
JavaScript warning: https://www.etoro.com/_Incapsula_Resource?SWJIYLWA=719d34d31c8e3a6e6fffd425f7e032f3&ns=3&cb=1875123354 line 1 > eval, line 1: unreachable code after return statement
JavaScript warning: https://www.etoro.com/_Incapsula_Resource?SWJIYLWA=719d34d31c8e3a6e6fffd425f7e032f3&ns=3&cb=1875123354 line 1 > eval, line 1: unreachable code after return statement
JavaScript warning: https://www.etoro.com/_Incapsula_Resource?SWJIYLWA=719d34d31c8e3a6e6fffd425f7e032f3&ns=3&cb=446380660, line 1: unreachable code after return statement
JavaScript warning: https://www.etoro.com/_Incapsula_Resource?SWJIYLWA=719d34d31c8e3a6e6fffd425f7e032f3&ns=3&cb=446380660, line 1: unreachable code after return statement
JavaScript warning: https://www.etoro.com/_Incapsula_Resource?SWJIYLWA=719d34d31c8e3a6e6fffd425f7e032f3&ns=3&cb=446380660 line 1 > eval, line 1: unreachable code after return statement
JavaScript warning: https://www.etoro.com/_Incapsula_Resource?SWJIYLWA=719d34d31c8e3a6e6fffd425f7e032f3&ns=3&cb=446380660 line 1 > eval, line 1: unreachable code after return statement
Exiting due to channel error.
Exiting due to channel error.
[GFX1-]: Receive IPC close with reason=AbnormalShutdown
Exiting due to channel error.
1590620896901	mozrunner::runner	INFO	Running command: "/usr/bin/firefox" "-marionette" "-foreground" "-no-remote" "-profile" "/tmp/rust_mozprofilevyTeCO"
1590620899859	Marionette	INFO	Listening on port 37595
1590620899912	Marionette	WARN	TLS certificate errors will be ignored for this session
JavaScript warning: https://www.etoro.com/_Incapsula_Resource?SWJIYLWA=719d34d31c8e3a6e6fffd425f7e032f3&ns=2&cb=1385322481, line 1: unreachable code after return statement
JavaScript warning: https://www.etoro.com/_Incapsula_Resource?SWJIYLWA=719d34d31c8e3a6e6fffd425f7e032f3&ns=2&cb=1385322481, line 1: unreachable code after return statement
JavaScript warning: https://www.etoro.com/_Incapsula_Resource?SWJIYLWA=719d34d31c8e3a6e6fffd425f7e032f3&ns=2&cb=1385322481, line 1: unreachable code after return statement
JavaScript warning: https://www.etoro.com/_Incapsula_Resource?SWJIYLWA=719d34d31c8e3a6e6fffd425f7e032f3&ns=2&cb=1385322481 line 1 > eval, line 1: unreachable code after return statement
JavaScript warning: https://www.etoro.com/_Incapsula_Resource?SWJIYLWA=719d34d31c8e3a6e6fffd425f7e032f3&ns=2&cb=1385322481 line 1 > eval, line 1: unreachable code after return statement
Exiting due to channel error.
Exiting due to channel error.
Exiting due to channel error.
1590621105744	mozrunner::runner	INFO	Running command: "/usr/bin/firefox" "-marionette" "-foreground" "-no-remote" "-profile" "/tmp/rust_mozprofilekFCK7r"
1590621108535	Marionette	INFO	Listening on port 37589
1590621108561	Marionette	WARN	TLS certificate errors will be ignored for this session
JavaScript warning: https://www.etoro.com/_Incapsula_Resource?SWJIYLWA=719d34d31c8e3a6e6fffd425f7e032f3&ns=2&cb=258991524, line 1: unreachable code after return statement
