Time: 21-Mar-2021 (18:05:34.113023): Can't create 'stock_description'. Table exist.
Time: 21-Mar-2021 (18:12:12.643174): Can't create 'stock_description'. Table exist.
Time: 21-Mar-2021 (18:12:12.643488): Can't create 'stock_stats'. Table exist.
Time: 21-Mar-2021 (18:12:12.643686): Can't create 'stock_price_history'. Table exist.
Time: 21-Mar-2021 (18:12:12.643783): Can't create 'stock_research'. Table exist.
Time: 21-Mar-2021 (18:12:12.643941): Can't create 'all_stocks'. Table exist.
Time: 21-Mar-2021 (18:15:28.295602): Can't create 'stock_description'. Table exist.
Time: 21-Mar-2021 (18:15:28.295807): Can't create 'stock_stats'. Table exist.
Time: 21-Mar-2021 (18:15:28.295906): Can't create 'stock_price_history'. Table exist.
Time: 21-Mar-2021 (18:15:28.296002): Can't create 'stock_research'. Table exist.
Time: 21-Mar-2021 (18:15:28.296093): Can't create 'all_stocks'. Table exist.
Time: 21-Mar-2021 (19:01:14.822208): Can't create 'stock_description'. Table exist.
Time: 21-Mar-2021 (19:01:14.822404): Can't create 'stock_stats'. Table exist.
Time: 21-Mar-2021 (19:01:14.822511): Can't create 'stock_price_history'. Table exist.
Time: 21-Mar-2021 (19:01:14.822613): Can't create 'stock_research'. Table exist.
Time: 21-Mar-2021 (19:01:14.822717): Can't create 'all_stocks'. Table exist.
Time: 21-Mar-2021 (19:02:51.525449): Can't create 'stock_description'. Table exist.
Time: 21-Mar-2021 (19:02:51.525686): Can't create 'stock_stats'. Table exist.
Time: 21-Mar-2021 (19:02:51.525795): Can't create 'stock_price_history'. Table exist.
Time: 21-Mar-2021 (19:02:51.525902): Can't create 'stock_research'. Table exist.
Time: 21-Mar-2021 (19:02:51.526010): Can't create 'all_stocks'. Table exist.
Time: 21-Mar-2021 (19:03:21.492983): Can't create 'stock_description'. Table exist.
Time: 21-Mar-2021 (19:03:21.493192): Can't create 'stock_stats'. Table exist.
Time: 21-Mar-2021 (19:03:21.493301): Can't create 'stock_price_history'. Table exist.
Time: 21-Mar-2021 (19:03:21.493395): Can't create 'stock_research'. Table exist.
Time: 21-Mar-2021 (19:03:21.493486): Can't create 'all_stocks'. Table exist.
Time: 22-Mar-2021 (10:59:37.334267): Can't create 'stock_description'. Table exist.
Time: 22-Mar-2021 (10:59:37.334689): Can't create 'stock_stats'. Table exist.
Time: 22-Mar-2021 (10:59:37.334821): Can't create 'stock_price_history'. Table exist.
Time: 22-Mar-2021 (10:59:37.334959): Can't create 'stock_research'. Table exist.
Time: 22-Mar-2021 (10:59:37.335071): Can't create 'all_stocks'. Table exist.
Time: 22-Mar-2021 (11:04:40.744006): Can't create 'stock_description'. Table exist.
Time: 22-Mar-2021 (11:04:40.744214): Can't create 'stock_stats'. Table exist.
Time: 22-Mar-2021 (11:04:40.744350): Can't create 'stock_price_history'. Table exist.
Time: 22-Mar-2021 (11:04:40.744482): Can't create 'stock_research'. Table exist.
Time: 22-Mar-2021 (11:04:40.744600): Can't create 'all_stocks'. Table exist.
Time: 22-Mar-2021 (11:09:13.346797): Can't create 'stock_description'. Table exist.
Time: 22-Mar-2021 (11:09:13.346994): Can't create 'stock_stats'. Table exist.
Time: 22-Mar-2021 (11:09:13.347094): Can't create 'stock_price_history'. Table exist.
Time: 22-Mar-2021 (11:09:13.347185): Can't create 'stock_research'. Table exist.
Time: 22-Mar-2021 (11:09:13.347277): Can't create 'all_stocks'. Table exist.
Time: 22-Mar-2021 (11:09:36.174228): Can't create 'stock_description'. Table exist.
Time: 22-Mar-2021 (11:09:36.174423): Can't create 'stock_stats'. Table exist.
Time: 22-Mar-2021 (11:09:36.174531): Can't create 'stock_price_history'. Table exist.
Time: 22-Mar-2021 (11:09:36.174634): Can't create 'stock_research'. Table exist.
Time: 22-Mar-2021 (11:09:36.174766): Can't create 'all_stocks'. Table exist.
Time: 22-Mar-2021 (11:16:59.876472): Can't create 'stock_description'. Table exist.
Time: 22-Mar-2021 (11:16:59.876683): Can't create 'stock_stats'. Table exist.
Time: 22-Mar-2021 (11:16:59.876788): Can't create 'stock_price_history'. Table exist.
Time: 22-Mar-2021 (11:16:59.876887): Can't create 'stock_research'. Table exist.
Time: 22-Mar-2021 (11:16:59.876985): Can't create 'all_stocks'. Table exist.
Time: 22-Mar-2021 (12:28:12.617080): Can't create 'stock_description'. Table exist.
Time: 22-Mar-2021 (12:28:12.617290): Can't create 'stock_stats'. Table exist.
Time: 22-Mar-2021 (12:28:12.617415): Can't create 'stock_price_history'. Table exist.
Time: 22-Mar-2021 (12:28:12.617534): Can't create 'stock_research'. Table exist.
Time: 22-Mar-2021 (12:28:12.617686): Can't create 'all_stocks'. Table exist.
Time: 22-Mar-2021 (12:29:12.094201): Can't create 'stock_description'. Table exist.
Time: 22-Mar-2021 (12:29:12.094446): Can't create 'stock_stats'. Table exist.
Time: 22-Mar-2021 (12:29:12.094545): Can't create 'stock_price_history'. Table exist.
Time: 22-Mar-2021 (12:29:12.094644): Can't create 'stock_research'. Table exist.
Time: 22-Mar-2021 (12:29:12.094734): Can't create 'all_stocks'. Table exist.
Time: 22-Mar-2021 (12:29:47.199255): Can't create 'stock_description'. Table exist.
Time: 22-Mar-2021 (12:29:47.199462): Can't create 'stock_stats'. Table exist.
Time: 22-Mar-2021 (12:29:47.199586): Can't create 'stock_price_history'. Table exist.
Time: 22-Mar-2021 (12:29:47.199700): Can't create 'stock_research'. Table exist.
Time: 22-Mar-2021 (12:29:47.199817): Can't create 'all_stocks'. Table exist.
Time: 22-Mar-2021 (12:30:01.955535): Can't create 'stock_description'. Table exist.
Time: 22-Mar-2021 (12:30:01.955732): Can't create 'stock_stats'. Table exist.
Time: 22-Mar-2021 (12:30:01.955832): Can't create 'stock_price_history'. Table exist.
Time: 22-Mar-2021 (12:30:01.955929): Can't create 'stock_research'. Table exist.
Time: 22-Mar-2021 (12:30:01.956021): Can't create 'all_stocks'. Table exist.
Time: 22-Mar-2021 (12:30:14.219969): Can't create 'stock_description'. Table exist.
Time: 22-Mar-2021 (12:30:14.220173): Can't create 'stock_stats'. Table exist.
Time: 22-Mar-2021 (12:30:14.220275): Can't create 'stock_price_history'. Table exist.
Time: 22-Mar-2021 (12:30:14.220371): Can't create 'stock_research'. Table exist.
Time: 22-Mar-2021 (12:30:14.220468): Can't create 'all_stocks'. Table exist.
Time: 22-Mar-2021 (12:31:16.482246): Can't create 'stock_description'. Table exist.
Time: 22-Mar-2021 (12:31:16.482453): Can't create 'stock_stats'. Table exist.
Time: 22-Mar-2021 (12:31:16.482599): Can't create 'stock_price_history'. Table exist.
Time: 22-Mar-2021 (12:31:16.482725): Can't create 'stock_research'. Table exist.
Time: 22-Mar-2021 (12:31:16.482848): Can't create 'all_stocks'. Table exist.
Time: 22-Mar-2021 (12:36:26.761016): Can't create 'stock_description'. Table exist.
Time: 22-Mar-2021 (12:36:26.761218): Can't create 'stock_stats'. Table exist.
Time: 22-Mar-2021 (12:36:26.761328): Can't create 'stock_price_history'. Table exist.
Time: 22-Mar-2021 (12:36:26.761431): Can't create 'stock_research'. Table exist.
Time: 22-Mar-2021 (12:36:26.761572): Can't create 'all_stocks'. Table exist.
Time: 22-Mar-2021 (12:36:40.376867): Can't create 'stock_description'. Table exist.
Time: 22-Mar-2021 (12:36:40.377077): Can't create 'stock_stats'. Table exist.
Time: 22-Mar-2021 (12:36:40.377181): Can't create 'stock_price_history'. Table exist.
Time: 22-Mar-2021 (12:36:40.377280): Can't create 'stock_research'. Table exist.
Time: 22-Mar-2021 (12:36:40.377382): Can't create 'all_stocks'. Table exist.
Time: 22-Mar-2021 (12:38:48.147064): Can't create 'stock_description'. Table exist.
Time: 22-Mar-2021 (12:38:48.147271): Can't create 'stock_stats'. Table exist.
Time: 22-Mar-2021 (12:38:48.147396): Can't create 'stock_price_history'. Table exist.
Time: 22-Mar-2021 (12:38:48.147525): Can't create 'stock_research'. Table exist.
Time: 22-Mar-2021 (12:38:48.147649): Can't create 'all_stocks'. Table exist.
Time: 22-Mar-2021 (12:39:07.933687): Can't create 'stock_description'. Table exist.
Time: 22-Mar-2021 (12:39:07.933891): Can't create 'stock_stats'. Table exist.
Time: 22-Mar-2021 (12:39:07.933993): Can't create 'stock_price_history'. Table exist.
Time: 22-Mar-2021 (12:39:07.934086): Can't create 'stock_research'. Table exist.
Time: 22-Mar-2021 (12:39:07.934194): Can't create 'all_stocks'. Table exist.
Time: 22-Mar-2021 (12:43:43.544993): Can't create 'stock_stats'. Table exist.
Time: 22-Mar-2021 (12:43:43.545194): Can't create 'stock_price_history'. Table exist.
Time: 22-Mar-2021 (12:43:43.545330): Can't create 'stock_research'. Table exist.
Time: 22-Mar-2021 (12:43:43.545474): Can't create 'all_stocks'. Table exist.
Time: 22-Mar-2021 (12:44:37.830597): Can't create 'stock_description'. Table exist.
Time: 22-Mar-2021 (12:44:37.830839): Can't create 'stock_stats'. Table exist.
Time: 22-Mar-2021 (12:44:37.830943): Can't create 'stock_price_history'. Table exist.
Time: 22-Mar-2021 (12:44:37.831038): Can't create 'stock_research'. Table exist.
Time: 22-Mar-2021 (12:44:37.831131): Can't create 'all_stocks'. Table exist.
Time: 22-Mar-2021 (12:45:59.086837): Can't create 'stock_description'. Table exist.
Time: 22-Mar-2021 (12:45:59.087031): Can't create 'stock_stats'. Table exist.
Time: 22-Mar-2021 (12:45:59.087137): Can't create 'stock_price_history'. Table exist.
Time: 22-Mar-2021 (12:45:59.087235): Can't create 'stock_research'. Table exist.
Time: 22-Mar-2021 (12:45:59.087338): Can't create 'all_stocks'. Table exist.
Time: 22-Mar-2021 (12:47:10.106147): Can't create 'stock_description'. Table exist.
Time: 22-Mar-2021 (12:47:10.106353): Can't create 'stock_stats'. Table exist.
Time: 22-Mar-2021 (12:47:10.106488): Can't create 'stock_price_history'. Table exist.
Time: 22-Mar-2021 (12:47:10.106618): Can't create 'stock_research'. Table exist.
Time: 22-Mar-2021 (12:47:10.106763): Can't create 'all_stocks'. Table exist.
Time: 22-Mar-2021 (15:01:06.377486): Can't create 'stock_description'. Table exist.
Time: 22-Mar-2021 (15:01:06.377691): Can't create 'stock_stats'. Table exist.
Time: 22-Mar-2021 (15:01:06.377815): Can't create 'stock_price_history'. Table exist.
Time: 22-Mar-2021 (15:01:06.377937): Can't create 'stock_research'. Table exist.
Time: 22-Mar-2021 (15:01:06.378053): Can't create 'all_stocks'. Table exist.
Time: 22-Mar-2021 (15:01:33.608908): Can't create 'stock_description'. Table exist.
Time: 22-Mar-2021 (15:01:33.609126): Can't create 'stock_stats'. Table exist.
Time: 22-Mar-2021 (15:01:33.609251): Can't create 'stock_price_history'. Table exist.
Time: 22-Mar-2021 (15:01:33.609395): Can't create 'stock_research'. Table exist.
Time: 22-Mar-2021 (15:01:33.609530): Can't create 'all_stocks'. Table exist.
Time: 22-Mar-2021 (15:06:39.729682): Can't create 'stock_description'. Table exist.
Time: 22-Mar-2021 (15:06:39.738758): Can't create 'stock_price_history'. Table exist.
Time: 22-Mar-2021 (15:06:39.738938): Can't create 'stock_research'. Table exist.
Time: 22-Mar-2021 (15:06:39.739068): Can't create 'all_stocks'. Table exist.
Time: 22-Mar-2021 (15:08:36.719414): Can't create 'stock_description'. Table exist.
Time: 22-Mar-2021 (15:08:36.719584): Can't create 'stock_stats'. Table exist.
Time: 22-Mar-2021 (15:08:36.719705): Can't create 'stock_price_history'. Table exist.
Time: 22-Mar-2021 (15:08:36.719817): Can't create 'stock_research'. Table exist.
Time: 22-Mar-2021 (15:08:36.719932): Can't create 'all_stocks'. Table exist.
Time: 22-Mar-2021 (15:10:27.502991): Can't create 'stock_description'. Table exist.
Time: 22-Mar-2021 (15:10:27.503159): Can't create 'stock_stats'. Table exist.
Time: 22-Mar-2021 (15:10:27.509529): Can't create 'stock_research'. Table exist.
Time: 22-Mar-2021 (15:10:27.509686): Can't create 'all_stocks'. Table exist.
Time: 22-Mar-2021 (15:10:55.072678): Can't create 'stock_description'. Table exist.
Time: 22-Mar-2021 (15:10:55.072846): Can't create 'stock_stats'. Table exist.
Time: 22-Mar-2021 (15:10:55.072972): Can't create 'stock_price_history'. Table exist.
Time: 22-Mar-2021 (15:10:55.073101): Can't create 'stock_research'. Table exist.
Time: 22-Mar-2021 (15:10:55.073230): Can't create 'all_stocks'. Table exist.
Time: 22-Mar-2021 (15:11:40.563654): Can't create 'stock_description'. Table exist.
Time: 22-Mar-2021 (15:11:40.563826): Can't create 'stock_stats'. Table exist.
Time: 22-Mar-2021 (15:11:40.563935): Can't create 'stock_price_history'. Table exist.
Time: 22-Mar-2021 (15:11:40.564035): Can't create 'stock_research'. Table exist.
Time: 22-Mar-2021 (15:11:40.564147): Can't create 'all_stocks'. Table exist.
Time: 22-Mar-2021 (15:11:43.595859): Can't create 'stock_description'. Table exist.
Time: 22-Mar-2021 (15:11:43.596037): Can't create 'stock_stats'. Table exist.
Time: 22-Mar-2021 (15:11:43.596136): Can't create 'stock_price_history'. Table exist.
Time: 22-Mar-2021 (15:11:43.596229): Can't create 'stock_research'. Table exist.
Time: 22-Mar-2021 (15:11:43.596327): Can't create 'all_stocks'. Table exist.
Time: 22-Mar-2021 (15:12:05.022579): Can't create 'stock_description'. Table exist.
Time: 22-Mar-2021 (15:12:05.022758): Can't create 'stock_stats'. Table exist.
Time: 22-Mar-2021 (15:12:05.022865): Can't create 'stock_price_history'. Table exist.
Time: 22-Mar-2021 (15:12:05.022966): Can't create 'stock_research'. Table exist.
Time: 22-Mar-2021 (15:12:05.023071): Can't create 'all_stocks'. Table exist.
Time: 22-Mar-2021 (15:12:24.851198): Can't create 'stock_description'. Table exist.
Time: 22-Mar-2021 (15:12:24.851374): Can't create 'stock_stats'. Table exist.
Time: 22-Mar-2021 (15:12:24.851482): Can't create 'stock_price_history'. Table exist.
Time: 22-Mar-2021 (15:12:24.851574): Can't create 'stock_research'. Table exist.
Time: 22-Mar-2021 (15:12:24.851664): Can't create 'all_stocks'. Table exist.
Time: 22-Mar-2021 (15:13:13.044688): Can't create 'stock_description'. Table exist.
Time: 22-Mar-2021 (15:13:13.044895): Can't create 'stock_stats'. Table exist.
Time: 22-Mar-2021 (15:13:13.045025): Can't create 'stock_price_history'. Table exist.
Time: 22-Mar-2021 (15:13:13.045155): Can't create 'stock_research'. Table exist.
Time: 22-Mar-2021 (15:13:13.045280): Can't create 'all_stocks'. Table exist.
Time: 22-Mar-2021 (15:13:15.399331): Can't create 'stock_description'. Table exist.
Time: 22-Mar-2021 (15:13:15.399502): Can't create 'stock_stats'. Table exist.
Time: 22-Mar-2021 (15:13:15.399604): Can't create 'stock_price_history'. Table exist.
Time: 22-Mar-2021 (15:13:15.399699): Can't create 'stock_research'. Table exist.
Time: 22-Mar-2021 (15:13:15.399791): Can't create 'all_stocks'. Table exist.
